{"/home/artain/Springboard/Capstone2/NeighborhoodRecipe-Backend/app.js": {"path":"/home/artain/Springboard/Capstone2/NeighborhoodRecipe-Backend/app.js","statementMap":{"0":{"start":{"line":3,"column":16},"end":{"line":3,"column":34}},"1":{"start":{"line":4,"column":16},"end":{"line":4,"column":42}},"2":{"start":{"line":5,"column":13},"end":{"line":5,"column":28}},"3":{"start":{"line":6,"column":26},"end":{"line":6,"column":51}},"4":{"start":{"line":7,"column":28},"end":{"line":7,"column":56}},"5":{"start":{"line":8,"column":19},"end":{"line":8,"column":43}},"6":{"start":{"line":10,"column":22},"end":{"line":10,"column":49}},"7":{"start":{"line":11,"column":20},"end":{"line":11,"column":44}},"8":{"start":{"line":14,"column":13},"end":{"line":14,"column":42}},"9":{"start":{"line":15,"column":13},"end":{"line":15,"column":28}},"10":{"start":{"line":16,"column":19},"end":{"line":16,"column":41}},"11":{"start":{"line":17,"column":27},"end":{"line":17,"column":53}},"12":{"start":{"line":19,"column":12},"end":{"line":19,"column":21}},"13":{"start":{"line":21,"column":0},"end":{"line":21,"column":16}},"14":{"start":{"line":22,"column":0},"end":{"line":22,"column":24}},"15":{"start":{"line":23,"column":0},"end":{"line":23,"column":64}},"16":{"start":{"line":24,"column":0},"end":{"line":24,"column":44}},"17":{"start":{"line":25,"column":0},"end":{"line":25,"column":25}},"18":{"start":{"line":26,"column":0},"end":{"line":26,"column":52}},"19":{"start":{"line":28,"column":0},"end":{"line":28,"column":29}},"20":{"start":{"line":29,"column":0},"end":{"line":29,"column":35}},"21":{"start":{"line":30,"column":0},"end":{"line":30,"column":31}},"22":{"start":{"line":34,"column":0},"end":{"line":37,"column":3}},"23":{"start":{"line":36,"column":4},"end":{"line":36,"column":37}},"24":{"start":{"line":40,"column":0},"end":{"line":48,"column":3}},"25":{"start":{"line":41,"column":4},"end":{"line":41,"column":66}},"26":{"start":{"line":41,"column":41},"end":{"line":41,"column":66}},"27":{"start":{"line":42,"column":19},"end":{"line":42,"column":36}},"28":{"start":{"line":43,"column":20},"end":{"line":43,"column":79}},"29":{"start":{"line":45,"column":4},"end":{"line":47,"column":7}},"30":{"start":{"line":50,"column":0},"end":{"line":50,"column":21}}},"fnMap":{"0":{"name":"(anonymous_0)","decl":{"start":{"line":34,"column":8},"end":{"line":34,"column":9}},"loc":{"start":{"line":34,"column":33},"end":{"line":37,"column":1}},"line":34},"1":{"name":"(anonymous_1)","decl":{"start":{"line":40,"column":8},"end":{"line":40,"column":9}},"loc":{"start":{"line":40,"column":38},"end":{"line":48,"column":1}},"line":40}},"branchMap":{"0":{"loc":{"start":{"line":41,"column":4},"end":{"line":41,"column":66}},"type":"if","locations":[{"start":{"line":41,"column":4},"end":{"line":41,"column":66}},{"start":{"line":41,"column":4},"end":{"line":41,"column":66}}],"line":41},"1":{"loc":{"start":{"line":42,"column":19},"end":{"line":42,"column":36}},"type":"binary-expr","locations":[{"start":{"line":42,"column":19},"end":{"line":42,"column":29}},{"start":{"line":42,"column":33},"end":{"line":42,"column":36}}],"line":42},"2":{"loc":{"start":{"line":43,"column":20},"end":{"line":43,"column":79}},"type":"binary-expr","locations":[{"start":{"line":43,"column":20},"end":{"line":43,"column":31}},{"start":{"line":43,"column":35},"end":{"line":43,"column":79}}],"line":43}},"s":{"0":6,"1":6,"2":6,"3":6,"4":6,"5":6,"6":6,"7":6,"8":6,"9":6,"10":6,"11":6,"12":6,"13":6,"14":6,"15":6,"16":6,"17":6,"18":6,"19":6,"20":6,"21":6,"22":6,"23":0,"24":6,"25":13,"26":0,"27":13,"28":13,"29":13,"30":6},"f":{"0":0,"1":13},"b":{"0":[0,13],"1":[13,3],"2":[13,0]},"_coverageSchema":"1a1c01bbd47fc00a2c39e90264f33305004495a9","hash":"9ec5c66f00ac24dc8d2a1787ec159693e591275b"}
,"/home/artain/Springboard/Capstone2/NeighborhoodRecipe-Backend/config/config.js": {"path":"/home/artain/Springboard/Capstone2/NeighborhoodRecipe-Backend/config/config.js","statementMap":{"0":{"start":{"line":1,"column":0},"end":{"line":1,"column":27}},"1":{"start":{"line":3,"column":22},"end":{"line":45,"column":1}},"2":{"start":{"line":46,"column":0},"end":{"line":46,"column":135}},"3":{"start":{"line":48,"column":0},"end":{"line":48,"column":45}},"4":{"start":{"line":49,"column":0},"end":{"line":49,"column":77}},"5":{"start":{"line":50,"column":0},"end":{"line":50,"column":41}},"6":{"start":{"line":51,"column":0},"end":{"line":51,"column":44}}},"fnMap":{},"branchMap":{"0":{"loc":{"start":{"line":46,"column":51},"end":{"line":46,"column":134}},"type":"cond-expr","locations":[{"start":{"line":46,"column":87},"end":{"line":46,"column":111}},{"start":{"line":46,"column":114},"end":{"line":46,"column":134}}],"line":46},"1":{"loc":{"start":{"line":49,"column":36},"end":{"line":49,"column":76}},"type":"cond-expr","locations":[{"start":{"line":49,"column":70},"end":{"line":49,"column":71}},{"start":{"line":49,"column":74},"end":{"line":49,"column":76}}],"line":49}},"s":{"0":6,"1":6,"2":6,"3":6,"4":6,"5":6,"6":6},"f":{},"b":{"0":[6,0],"1":[6,0]},"_coverageSchema":"1a1c01bbd47fc00a2c39e90264f33305004495a9","hash":"f996fd7d55fd779d2ab56a01fced63d0266c793d"}
,"/home/artain/Springboard/Capstone2/NeighborhoodRecipe-Backend/controllers/ingredients.js": {"path":"/home/artain/Springboard/Capstone2/NeighborhoodRecipe-Backend/controllers/ingredients.js","statementMap":{"0":{"start":{"line":1,"column":18},"end":{"line":1,"column":38}},"1":{"start":{"line":2,"column":19},"end":{"line":2,"column":50}},"2":{"start":{"line":3,"column":11},"end":{"line":3,"column":45}},"3":{"start":{"line":5,"column":25},"end":{"line":20,"column":1}},"4":{"start":{"line":6,"column":4},"end":{"line":19,"column":5}},"5":{"start":{"line":7,"column":31},"end":{"line":10,"column":10}},"6":{"start":{"line":11,"column":8},"end":{"line":15,"column":9}},"7":{"start":{"line":16,"column":8},"end":{"line":16,"column":72}},"8":{"start":{"line":18,"column":8},"end":{"line":18,"column":25}},"9":{"start":{"line":22,"column":22},"end":{"line":42,"column":1}},"10":{"start":{"line":24,"column":4},"end":{"line":24,"column":21}},"11":{"start":{"line":25,"column":4},"end":{"line":29,"column":5}},"12":{"start":{"line":26,"column":8},"end":{"line":28,"column":10}},"13":{"start":{"line":30,"column":4},"end":{"line":41,"column":11}},"14":{"start":{"line":37,"column":12},"end":{"line":37,"column":29}},"15":{"start":{"line":40,"column":12},"end":{"line":40,"column":75}},"16":{"start":{"line":44,"column":24},"end":{"line":60,"column":1}},"17":{"start":{"line":45,"column":4},"end":{"line":49,"column":6}},"18":{"start":{"line":50,"column":4},"end":{"line":59,"column":10}},"19":{"start":{"line":55,"column":12},"end":{"line":55,"column":26}},"20":{"start":{"line":58,"column":12},"end":{"line":58,"column":47}},"21":{"start":{"line":62,"column":26},"end":{"line":79,"column":1}},"22":{"start":{"line":64,"column":4},"end":{"line":64,"column":21}},"23":{"start":{"line":65,"column":4},"end":{"line":69,"column":5}},"24":{"start":{"line":66,"column":8},"end":{"line":68,"column":10}},"25":{"start":{"line":70,"column":4},"end":{"line":78,"column":11}},"26":{"start":{"line":75,"column":28},"end":{"line":75,"column":42}},"27":{"start":{"line":77,"column":12},"end":{"line":77,"column":76}},"28":{"start":{"line":81,"column":0},"end":{"line":86,"column":1}}},"fnMap":{"0":{"name":"(anonymous_0)","decl":{"start":{"line":5,"column":25},"end":{"line":5,"column":26}},"loc":{"start":{"line":5,"column":52},"end":{"line":20,"column":1}},"line":5},"1":{"name":"(anonymous_1)","decl":{"start":{"line":22,"column":22},"end":{"line":22,"column":23}},"loc":{"start":{"line":22,"column":45},"end":{"line":42,"column":1}},"line":22},"2":{"name":"(anonymous_2)","decl":{"start":{"line":36,"column":14},"end":{"line":36,"column":15}},"loc":{"start":{"line":36,"column":26},"end":{"line":38,"column":9}},"line":36},"3":{"name":"(anonymous_3)","decl":{"start":{"line":39,"column":15},"end":{"line":39,"column":16}},"loc":{"start":{"line":39,"column":24},"end":{"line":41,"column":9}},"line":39},"4":{"name":"(anonymous_4)","decl":{"start":{"line":44,"column":24},"end":{"line":44,"column":25}},"loc":{"start":{"line":44,"column":53},"end":{"line":60,"column":1}},"line":44},"5":{"name":"(anonymous_5)","decl":{"start":{"line":54,"column":14},"end":{"line":54,"column":15}},"loc":{"start":{"line":54,"column":26},"end":{"line":56,"column":9}},"line":54},"6":{"name":"(anonymous_6)","decl":{"start":{"line":57,"column":15},"end":{"line":57,"column":16}},"loc":{"start":{"line":57,"column":24},"end":{"line":59,"column":9}},"line":57},"7":{"name":"(anonymous_7)","decl":{"start":{"line":62,"column":26},"end":{"line":62,"column":27}},"loc":{"start":{"line":62,"column":49},"end":{"line":79,"column":1}},"line":62},"8":{"name":"(anonymous_8)","decl":{"start":{"line":75,"column":14},"end":{"line":75,"column":15}},"loc":{"start":{"line":75,"column":26},"end":{"line":75,"column":44}},"line":75},"9":{"name":"(anonymous_9)","decl":{"start":{"line":76,"column":15},"end":{"line":76,"column":16}},"loc":{"start":{"line":76,"column":24},"end":{"line":78,"column":9}},"line":76}},"branchMap":{"0":{"loc":{"start":{"line":11,"column":8},"end":{"line":15,"column":9}},"type":"if","locations":[{"start":{"line":11,"column":8},"end":{"line":15,"column":9}},{"start":{"line":11,"column":8},"end":{"line":15,"column":9}}],"line":11},"1":{"loc":{"start":{"line":25,"column":4},"end":{"line":29,"column":5}},"type":"if","locations":[{"start":{"line":25,"column":4},"end":{"line":29,"column":5}},{"start":{"line":25,"column":4},"end":{"line":29,"column":5}}],"line":25},"2":{"loc":{"start":{"line":65,"column":4},"end":{"line":69,"column":5}},"type":"if","locations":[{"start":{"line":65,"column":4},"end":{"line":69,"column":5}},{"start":{"line":65,"column":4},"end":{"line":69,"column":5}}],"line":65}},"s":{"0":6,"1":6,"2":6,"3":6,"4":39,"5":39,"6":39,"7":39,"8":0,"9":6,"10":1,"11":1,"12":1,"13":1,"14":1,"15":0,"16":6,"17":0,"18":0,"19":0,"20":0,"21":6,"22":1,"23":1,"24":1,"25":1,"26":1,"27":0,"28":6},"f":{"0":39,"1":1,"2":1,"3":0,"4":0,"5":0,"6":0,"7":1,"8":1,"9":0},"b":{"0":[23,16],"1":[1,0],"2":[1,0]},"_coverageSchema":"1a1c01bbd47fc00a2c39e90264f33305004495a9","hash":"ce35f84a1d0db4389aed47d259e0654b7761c5fc"}
,"/home/artain/Springboard/Capstone2/NeighborhoodRecipe-Backend/controllers/recipe.js": {"path":"/home/artain/Springboard/Capstone2/NeighborhoodRecipe-Backend/controllers/recipe.js","statementMap":{"0":{"start":{"line":1,"column":18},"end":{"line":1,"column":38}},"1":{"start":{"line":2,"column":15},"end":{"line":2,"column":42}},"2":{"start":{"line":3,"column":19},"end":{"line":3,"column":43}},"3":{"start":{"line":4,"column":11},"end":{"line":4,"column":45}},"4":{"start":{"line":5,"column":29},"end":{"line":5,"column":62}},"5":{"start":{"line":6,"column":30},"end":{"line":6,"column":71}},"6":{"start":{"line":7,"column":24},"end":{"line":7,"column":55}},"7":{"start":{"line":8,"column":18},"end":{"line":8,"column":43}},"8":{"start":{"line":15,"column":21},"end":{"line":64,"column":1}},"9":{"start":{"line":16,"column":31},"end":{"line":16,"column":33}},"10":{"start":{"line":18,"column":4},"end":{"line":38,"column":5}},"11":{"start":{"line":19,"column":28},"end":{"line":19,"column":30}},"12":{"start":{"line":20,"column":8},"end":{"line":20,"column":64}},"13":{"start":{"line":22,"column":8},"end":{"line":37,"column":14}},"14":{"start":{"line":25,"column":43},"end":{"line":25,"column":45}},"15":{"start":{"line":26,"column":16},"end":{"line":26,"column":76}},"16":{"start":{"line":27,"column":16},"end":{"line":27,"column":85}},"17":{"start":{"line":28,"column":16},"end":{"line":28,"column":91}},"18":{"start":{"line":29,"column":16},"end":{"line":29,"column":101}},"19":{"start":{"line":30,"column":16},"end":{"line":30,"column":97}},"20":{"start":{"line":32,"column":16},"end":{"line":32,"column":64}},"21":{"start":{"line":35,"column":16},"end":{"line":35,"column":39}},"22":{"start":{"line":36,"column":16},"end":{"line":36,"column":73}},"23":{"start":{"line":40,"column":40},"end":{"line":40,"column":46}},"24":{"start":{"line":41,"column":4},"end":{"line":63,"column":11}},"25":{"start":{"line":47,"column":12},"end":{"line":49,"column":13}},"26":{"start":{"line":48,"column":16},"end":{"line":48,"column":83}},"27":{"start":{"line":50,"column":12},"end":{"line":58,"column":19}},"28":{"start":{"line":56,"column":20},"end":{"line":56,"column":41}},"29":{"start":{"line":59,"column":12},"end":{"line":59,"column":26}},"30":{"start":{"line":62,"column":12},"end":{"line":62,"column":67}},"31":{"start":{"line":66,"column":18},"end":{"line":132,"column":1}},"32":{"start":{"line":68,"column":4},"end":{"line":68,"column":21}},"33":{"start":{"line":69,"column":23},"end":{"line":69,"column":25}},"34":{"start":{"line":70,"column":22},"end":{"line":70,"column":24}},"35":{"start":{"line":71,"column":4},"end":{"line":71,"column":45}},"36":{"start":{"line":71,"column":31},"end":{"line":71,"column":43}},"37":{"start":{"line":72,"column":4},"end":{"line":76,"column":5}},"38":{"start":{"line":73,"column":8},"end":{"line":75,"column":10}},"39":{"start":{"line":77,"column":4},"end":{"line":81,"column":5}},"40":{"start":{"line":78,"column":8},"end":{"line":80,"column":10}},"41":{"start":{"line":82,"column":4},"end":{"line":86,"column":5}},"42":{"start":{"line":83,"column":8},"end":{"line":85,"column":10}},"43":{"start":{"line":87,"column":4},"end":{"line":91,"column":5}},"44":{"start":{"line":88,"column":8},"end":{"line":90,"column":10}},"45":{"start":{"line":92,"column":4},"end":{"line":96,"column":5}},"46":{"start":{"line":93,"column":8},"end":{"line":95,"column":10}},"47":{"start":{"line":97,"column":4},"end":{"line":101,"column":5}},"48":{"start":{"line":98,"column":8},"end":{"line":100,"column":10}},"49":{"start":{"line":102,"column":4},"end":{"line":106,"column":5}},"50":{"start":{"line":103,"column":8},"end":{"line":105,"column":10}},"51":{"start":{"line":107,"column":4},"end":{"line":109,"column":39}},"52":{"start":{"line":108,"column":8},"end":{"line":108,"column":44}},"53":{"start":{"line":109,"column":13},"end":{"line":109,"column":37}},"54":{"start":{"line":110,"column":4},"end":{"line":112,"column":38}},"55":{"start":{"line":111,"column":8},"end":{"line":111,"column":41}},"56":{"start":{"line":112,"column":13},"end":{"line":112,"column":36}},"57":{"start":{"line":113,"column":4},"end":{"line":131,"column":11}},"58":{"start":{"line":127,"column":12},"end":{"line":127,"column":26}},"59":{"start":{"line":130,"column":12},"end":{"line":130,"column":65}},"60":{"start":{"line":134,"column":22},"end":{"line":196,"column":1}},"61":{"start":{"line":136,"column":4},"end":{"line":136,"column":21}},"62":{"start":{"line":137,"column":23},"end":{"line":137,"column":25}},"63":{"start":{"line":138,"column":22},"end":{"line":138,"column":24}},"64":{"start":{"line":139,"column":4},"end":{"line":143,"column":5}},"65":{"start":{"line":140,"column":8},"end":{"line":142,"column":10}},"66":{"start":{"line":144,"column":4},"end":{"line":148,"column":5}},"67":{"start":{"line":145,"column":8},"end":{"line":147,"column":10}},"68":{"start":{"line":149,"column":4},"end":{"line":153,"column":5}},"69":{"start":{"line":150,"column":8},"end":{"line":152,"column":10}},"70":{"start":{"line":154,"column":4},"end":{"line":156,"column":39}},"71":{"start":{"line":155,"column":8},"end":{"line":155,"column":44}},"72":{"start":{"line":156,"column":13},"end":{"line":156,"column":37}},"73":{"start":{"line":157,"column":4},"end":{"line":159,"column":37}},"74":{"start":{"line":158,"column":8},"end":{"line":158,"column":41}},"75":{"start":{"line":159,"column":13},"end":{"line":159,"column":35}},"76":{"start":{"line":160,"column":4},"end":{"line":195,"column":11}},"77":{"start":{"line":176,"column":26},"end":{"line":176,"column":35}},"78":{"start":{"line":177,"column":12},"end":{"line":177,"column":33}},"79":{"start":{"line":178,"column":12},"end":{"line":188,"column":13}},"80":{"start":{"line":179,"column":27},"end":{"line":179,"column":40}},"81":{"start":{"line":180,"column":26},"end":{"line":180,"column":42}},"82":{"start":{"line":182,"column":16},"end":{"line":182,"column":87}},"83":{"start":{"line":183,"column":16},"end":{"line":183,"column":93}},"84":{"start":{"line":184,"column":16},"end":{"line":184,"column":103}},"85":{"start":{"line":185,"column":16},"end":{"line":185,"column":99}},"86":{"start":{"line":186,"column":16},"end":{"line":186,"column":45}},"87":{"start":{"line":187,"column":16},"end":{"line":187,"column":42}},"88":{"start":{"line":189,"column":12},"end":{"line":189,"column":50}},"89":{"start":{"line":191,"column":12},"end":{"line":191,"column":27}},"90":{"start":{"line":194,"column":12},"end":{"line":194,"column":65}},"91":{"start":{"line":198,"column":21},"end":{"line":213,"column":1}},"92":{"start":{"line":199,"column":22},"end":{"line":199,"column":24}},"93":{"start":{"line":200,"column":4},"end":{"line":203,"column":5}},"94":{"start":{"line":201,"column":8},"end":{"line":201,"column":65}},"95":{"start":{"line":202,"column":8},"end":{"line":202,"column":115}},"96":{"start":{"line":204,"column":4},"end":{"line":206,"column":6}},"97":{"start":{"line":207,"column":21},"end":{"line":209,"column":6}},"98":{"start":{"line":210,"column":4},"end":{"line":210,"column":61}},"99":{"start":{"line":210,"column":19},"end":{"line":210,"column":61}},"100":{"start":{"line":211,"column":4},"end":{"line":211,"column":29}},"101":{"start":{"line":212,"column":4},"end":{"line":212,"column":44}},"102":{"start":{"line":215,"column":21},"end":{"line":232,"column":1}},"103":{"start":{"line":216,"column":22},"end":{"line":216,"column":24}},"104":{"start":{"line":217,"column":4},"end":{"line":219,"column":6}},"105":{"start":{"line":220,"column":4},"end":{"line":231,"column":10}},"106":{"start":{"line":229,"column":12},"end":{"line":229,"column":31}},"107":{"start":{"line":230,"column":12},"end":{"line":230,"column":25}},"108":{"start":{"line":234,"column":21},"end":{"line":303,"column":1}},"109":{"start":{"line":235,"column":22},"end":{"line":235,"column":24}},"110":{"start":{"line":236,"column":4},"end":{"line":236,"column":93}},"111":{"start":{"line":236,"column":42},"end":{"line":236,"column":91}},"112":{"start":{"line":238,"column":4},"end":{"line":240,"column":6}},"113":{"start":{"line":241,"column":14},"end":{"line":244,"column":6}},"114":{"start":{"line":245,"column":4},"end":{"line":248,"column":5}},"115":{"start":{"line":246,"column":8},"end":{"line":246,"column":45}},"116":{"start":{"line":247,"column":8},"end":{"line":247,"column":94}},"117":{"start":{"line":249,"column":34},"end":{"line":249,"column":110}},"118":{"start":{"line":250,"column":31},"end":{"line":250,"column":33}},"119":{"start":{"line":251,"column":4},"end":{"line":270,"column":5}},"120":{"start":{"line":252,"column":28},"end":{"line":252,"column":30}},"121":{"start":{"line":253,"column":8},"end":{"line":253,"column":63}},"122":{"start":{"line":254,"column":8},"end":{"line":254,"column":35}},"123":{"start":{"line":255,"column":8},"end":{"line":269,"column":14}},"124":{"start":{"line":258,"column":43},"end":{"line":258,"column":45}},"125":{"start":{"line":259,"column":16},"end":{"line":259,"column":76}},"126":{"start":{"line":260,"column":16},"end":{"line":260,"column":85}},"127":{"start":{"line":261,"column":16},"end":{"line":261,"column":91}},"128":{"start":{"line":262,"column":16},"end":{"line":262,"column":101}},"129":{"start":{"line":263,"column":16},"end":{"line":263,"column":97}},"130":{"start":{"line":264,"column":16},"end":{"line":264,"column":64}},"131":{"start":{"line":267,"column":16},"end":{"line":267,"column":39}},"132":{"start":{"line":268,"column":16},"end":{"line":268,"column":57}},"133":{"start":{"line":271,"column":20},"end":{"line":271,"column":32}},"134":{"start":{"line":272,"column":36},"end":{"line":272,"column":65}},"135":{"start":{"line":273,"column":4},"end":{"line":289,"column":5}},"136":{"start":{"line":274,"column":8},"end":{"line":274,"column":51}},"137":{"start":{"line":275,"column":22},"end":{"line":275,"column":26}},"138":{"start":{"line":276,"column":20},"end":{"line":276,"column":24}},"139":{"start":{"line":277,"column":8},"end":{"line":285,"column":9}},"140":{"start":{"line":278,"column":12},"end":{"line":284,"column":13}},"141":{"start":{"line":279,"column":16},"end":{"line":279,"column":30}},"142":{"start":{"line":280,"column":16},"end":{"line":280,"column":74}},"143":{"start":{"line":281,"column":16},"end":{"line":283,"column":17}},"144":{"start":{"line":282,"column":20},"end":{"line":282,"column":36}},"145":{"start":{"line":286,"column":8},"end":{"line":288,"column":9}},"146":{"start":{"line":287,"column":12},"end":{"line":287,"column":79}},"147":{"start":{"line":290,"column":4},"end":{"line":302,"column":11}},"148":{"start":{"line":298,"column":12},"end":{"line":298,"column":26}},"149":{"start":{"line":301,"column":12},"end":{"line":301,"column":74}},"150":{"start":{"line":305,"column":0},"end":{"line":312,"column":1}}},"fnMap":{"0":{"name":"(anonymous_0)","decl":{"start":{"line":15,"column":21},"end":{"line":15,"column":22}},"loc":{"start":{"line":15,"column":44},"end":{"line":64,"column":1}},"line":15},"1":{"name":"(anonymous_1)","decl":{"start":{"line":24,"column":18},"end":{"line":24,"column":19}},"loc":{"start":{"line":24,"column":30},"end":{"line":33,"column":13}},"line":24},"2":{"name":"(anonymous_2)","decl":{"start":{"line":34,"column":19},"end":{"line":34,"column":20}},"loc":{"start":{"line":34,"column":34},"end":{"line":37,"column":13}},"line":34},"3":{"name":"(anonymous_3)","decl":{"start":{"line":46,"column":14},"end":{"line":46,"column":15}},"loc":{"start":{"line":46,"column":31},"end":{"line":60,"column":9}},"line":46},"4":{"name":"(anonymous_4)","decl":{"start":{"line":52,"column":22},"end":{"line":52,"column":23}},"loc":{"start":{"line":52,"column":34},"end":{"line":54,"column":17}},"line":52},"5":{"name":"(anonymous_5)","decl":{"start":{"line":55,"column":23},"end":{"line":55,"column":24}},"loc":{"start":{"line":55,"column":36},"end":{"line":58,"column":17}},"line":55},"6":{"name":"(anonymous_6)","decl":{"start":{"line":61,"column":15},"end":{"line":61,"column":16}},"loc":{"start":{"line":61,"column":24},"end":{"line":63,"column":9}},"line":61},"7":{"name":"(anonymous_7)","decl":{"start":{"line":66,"column":18},"end":{"line":66,"column":19}},"loc":{"start":{"line":66,"column":41},"end":{"line":132,"column":1}},"line":66},"8":{"name":"(anonymous_8)","decl":{"start":{"line":125,"column":14},"end":{"line":125,"column":15}},"loc":{"start":{"line":125,"column":26},"end":{"line":128,"column":9}},"line":125},"9":{"name":"(anonymous_9)","decl":{"start":{"line":129,"column":15},"end":{"line":129,"column":16}},"loc":{"start":{"line":129,"column":24},"end":{"line":131,"column":9}},"line":129},"10":{"name":"(anonymous_10)","decl":{"start":{"line":134,"column":22},"end":{"line":134,"column":23}},"loc":{"start":{"line":134,"column":45},"end":{"line":196,"column":1}},"line":134},"11":{"name":"(anonymous_11)","decl":{"start":{"line":175,"column":14},"end":{"line":175,"column":15}},"loc":{"start":{"line":175,"column":26},"end":{"line":192,"column":9}},"line":175},"12":{"name":"(anonymous_12)","decl":{"start":{"line":193,"column":15},"end":{"line":193,"column":16}},"loc":{"start":{"line":193,"column":24},"end":{"line":195,"column":9}},"line":193},"13":{"name":"(anonymous_13)","decl":{"start":{"line":198,"column":21},"end":{"line":198,"column":22}},"loc":{"start":{"line":198,"column":48},"end":{"line":213,"column":1}},"line":198},"14":{"name":"(anonymous_14)","decl":{"start":{"line":215,"column":21},"end":{"line":215,"column":22}},"loc":{"start":{"line":215,"column":46},"end":{"line":232,"column":1}},"line":215},"15":{"name":"(anonymous_15)","decl":{"start":{"line":228,"column":15},"end":{"line":228,"column":16}},"loc":{"start":{"line":228,"column":26},"end":{"line":231,"column":9}},"line":228},"16":{"name":"(anonymous_16)","decl":{"start":{"line":234,"column":21},"end":{"line":234,"column":22}},"loc":{"start":{"line":234,"column":44},"end":{"line":303,"column":1}},"line":234},"17":{"name":"(anonymous_17)","decl":{"start":{"line":257,"column":18},"end":{"line":257,"column":19}},"loc":{"start":{"line":257,"column":30},"end":{"line":265,"column":13}},"line":257},"18":{"name":"(anonymous_18)","decl":{"start":{"line":266,"column":19},"end":{"line":266,"column":20}},"loc":{"start":{"line":266,"column":34},"end":{"line":269,"column":13}},"line":266},"19":{"name":"(anonymous_19)","decl":{"start":{"line":297,"column":14},"end":{"line":297,"column":15}},"loc":{"start":{"line":297,"column":26},"end":{"line":299,"column":9}},"line":297},"20":{"name":"(anonymous_20)","decl":{"start":{"line":300,"column":15},"end":{"line":300,"column":16}},"loc":{"start":{"line":300,"column":24},"end":{"line":302,"column":9}},"line":300}},"branchMap":{"0":{"loc":{"start":{"line":71,"column":4},"end":{"line":71,"column":45}},"type":"if","locations":[{"start":{"line":71,"column":4},"end":{"line":71,"column":45}},{"start":{"line":71,"column":4},"end":{"line":71,"column":45}}],"line":71},"1":{"loc":{"start":{"line":72,"column":4},"end":{"line":76,"column":5}},"type":"if","locations":[{"start":{"line":72,"column":4},"end":{"line":76,"column":5}},{"start":{"line":72,"column":4},"end":{"line":76,"column":5}}],"line":72},"2":{"loc":{"start":{"line":77,"column":4},"end":{"line":81,"column":5}},"type":"if","locations":[{"start":{"line":77,"column":4},"end":{"line":81,"column":5}},{"start":{"line":77,"column":4},"end":{"line":81,"column":5}}],"line":77},"3":{"loc":{"start":{"line":82,"column":4},"end":{"line":86,"column":5}},"type":"if","locations":[{"start":{"line":82,"column":4},"end":{"line":86,"column":5}},{"start":{"line":82,"column":4},"end":{"line":86,"column":5}}],"line":82},"4":{"loc":{"start":{"line":87,"column":4},"end":{"line":91,"column":5}},"type":"if","locations":[{"start":{"line":87,"column":4},"end":{"line":91,"column":5}},{"start":{"line":87,"column":4},"end":{"line":91,"column":5}}],"line":87},"5":{"loc":{"start":{"line":92,"column":4},"end":{"line":96,"column":5}},"type":"if","locations":[{"start":{"line":92,"column":4},"end":{"line":96,"column":5}},{"start":{"line":92,"column":4},"end":{"line":96,"column":5}}],"line":92},"6":{"loc":{"start":{"line":97,"column":4},"end":{"line":101,"column":5}},"type":"if","locations":[{"start":{"line":97,"column":4},"end":{"line":101,"column":5}},{"start":{"line":97,"column":4},"end":{"line":101,"column":5}}],"line":97},"7":{"loc":{"start":{"line":102,"column":4},"end":{"line":106,"column":5}},"type":"if","locations":[{"start":{"line":102,"column":4},"end":{"line":106,"column":5}},{"start":{"line":102,"column":4},"end":{"line":106,"column":5}}],"line":102},"8":{"loc":{"start":{"line":107,"column":4},"end":{"line":109,"column":39}},"type":"if","locations":[{"start":{"line":107,"column":4},"end":{"line":109,"column":39}},{"start":{"line":107,"column":4},"end":{"line":109,"column":39}}],"line":107},"9":{"loc":{"start":{"line":110,"column":4},"end":{"line":112,"column":38}},"type":"if","locations":[{"start":{"line":110,"column":4},"end":{"line":112,"column":38}},{"start":{"line":110,"column":4},"end":{"line":112,"column":38}}],"line":110},"10":{"loc":{"start":{"line":139,"column":4},"end":{"line":143,"column":5}},"type":"if","locations":[{"start":{"line":139,"column":4},"end":{"line":143,"column":5}},{"start":{"line":139,"column":4},"end":{"line":143,"column":5}}],"line":139},"11":{"loc":{"start":{"line":144,"column":4},"end":{"line":148,"column":5}},"type":"if","locations":[{"start":{"line":144,"column":4},"end":{"line":148,"column":5}},{"start":{"line":144,"column":4},"end":{"line":148,"column":5}}],"line":144},"12":{"loc":{"start":{"line":149,"column":4},"end":{"line":153,"column":5}},"type":"if","locations":[{"start":{"line":149,"column":4},"end":{"line":153,"column":5}},{"start":{"line":149,"column":4},"end":{"line":153,"column":5}}],"line":149},"13":{"loc":{"start":{"line":154,"column":4},"end":{"line":156,"column":39}},"type":"if","locations":[{"start":{"line":154,"column":4},"end":{"line":156,"column":39}},{"start":{"line":154,"column":4},"end":{"line":156,"column":39}}],"line":154},"14":{"loc":{"start":{"line":157,"column":4},"end":{"line":159,"column":37}},"type":"if","locations":[{"start":{"line":157,"column":4},"end":{"line":159,"column":37}},{"start":{"line":157,"column":4},"end":{"line":159,"column":37}}],"line":157},"15":{"loc":{"start":{"line":200,"column":4},"end":{"line":203,"column":5}},"type":"if","locations":[{"start":{"line":200,"column":4},"end":{"line":203,"column":5}},{"start":{"line":200,"column":4},"end":{"line":203,"column":5}}],"line":200},"16":{"loc":{"start":{"line":210,"column":4},"end":{"line":210,"column":61}},"type":"if","locations":[{"start":{"line":210,"column":4},"end":{"line":210,"column":61}},{"start":{"line":210,"column":4},"end":{"line":210,"column":61}}],"line":210},"17":{"loc":{"start":{"line":236,"column":4},"end":{"line":236,"column":93}},"type":"if","locations":[{"start":{"line":236,"column":4},"end":{"line":236,"column":93}},{"start":{"line":236,"column":4},"end":{"line":236,"column":93}}],"line":236},"18":{"loc":{"start":{"line":245,"column":4},"end":{"line":248,"column":5}},"type":"if","locations":[{"start":{"line":245,"column":4},"end":{"line":248,"column":5}},{"start":{"line":245,"column":4},"end":{"line":248,"column":5}}],"line":245},"19":{"loc":{"start":{"line":278,"column":12},"end":{"line":284,"column":13}},"type":"if","locations":[{"start":{"line":278,"column":12},"end":{"line":284,"column":13}},{"start":{"line":278,"column":12},"end":{"line":284,"column":13}}],"line":278},"20":{"loc":{"start":{"line":281,"column":16},"end":{"line":283,"column":17}},"type":"if","locations":[{"start":{"line":281,"column":16},"end":{"line":283,"column":17}},{"start":{"line":281,"column":16},"end":{"line":283,"column":17}}],"line":281},"21":{"loc":{"start":{"line":286,"column":8},"end":{"line":288,"column":9}},"type":"if","locations":[{"start":{"line":286,"column":8},"end":{"line":288,"column":9}},{"start":{"line":286,"column":8},"end":{"line":288,"column":9}}],"line":286},"22":{"loc":{"start":{"line":286,"column":12},"end":{"line":286,"column":28}},"type":"binary-expr","locations":[{"start":{"line":286,"column":12},"end":{"line":286,"column":19}},{"start":{"line":286,"column":23},"end":{"line":286,"column":28}}],"line":286}},"s":{"0":6,"1":6,"2":6,"3":6,"4":6,"5":6,"6":6,"7":6,"8":6,"9":21,"10":21,"11":38,"12":38,"13":38,"14":38,"15":38,"16":38,"17":38,"18":38,"19":38,"20":38,"21":0,"22":0,"23":21,"24":21,"25":21,"26":38,"27":21,"28":0,"29":21,"30":0,"31":6,"32":9,"33":9,"34":9,"35":9,"36":1,"37":9,"38":5,"39":9,"40":2,"41":9,"42":0,"43":9,"44":0,"45":9,"46":1,"47":9,"48":0,"49":9,"50":0,"51":9,"52":0,"53":9,"54":9,"55":0,"56":9,"57":9,"58":9,"59":0,"60":6,"61":3,"62":3,"63":3,"64":3,"65":1,"66":3,"67":0,"68":3,"69":2,"70":3,"71":0,"72":3,"73":3,"74":0,"75":3,"76":3,"77":3,"78":3,"79":3,"80":5,"81":5,"82":5,"83":5,"84":5,"85":5,"86":5,"87":5,"88":3,"89":3,"90":0,"91":6,"92":2,"93":2,"94":0,"95":0,"96":2,"97":2,"98":2,"99":0,"100":2,"101":2,"102":6,"103":1,"104":1,"105":1,"106":0,"107":0,"108":6,"109":1,"110":1,"111":0,"112":1,"113":1,"114":1,"115":0,"116":0,"117":1,"118":1,"119":1,"120":0,"121":0,"122":0,"123":0,"124":0,"125":0,"126":0,"127":0,"128":0,"129":0,"130":0,"131":0,"132":0,"133":1,"134":1,"135":1,"136":0,"137":0,"138":0,"139":0,"140":0,"141":0,"142":0,"143":0,"144":0,"145":0,"146":0,"147":1,"148":1,"149":0,"150":6},"f":{"0":21,"1":38,"2":0,"3":21,"4":21,"5":0,"6":0,"7":9,"8":9,"9":0,"10":3,"11":3,"12":0,"13":2,"14":1,"15":0,"16":1,"17":0,"18":0,"19":1,"20":0},"b":{"0":[1,8],"1":[5,4],"2":[2,7],"3":[0,9],"4":[0,9],"5":[1,8],"6":[0,9],"7":[0,9],"8":[0,9],"9":[0,9],"10":[1,2],"11":[0,3],"12":[2,1],"13":[0,3],"14":[0,3],"15":[0,2],"16":[0,2],"17":[0,1],"18":[0,1],"19":[0,0],"20":[0,0],"21":[0,0],"22":[0,0]},"_coverageSchema":"1a1c01bbd47fc00a2c39e90264f33305004495a9","hash":"a77a6c61153df4e8f41ef7b8b0f37d8ba8bf34b7"}
,"/home/artain/Springboard/Capstone2/NeighborhoodRecipe-Backend/controllers/recipeIngredientJoin.js": {"path":"/home/artain/Springboard/Capstone2/NeighborhoodRecipe-Backend/controllers/recipeIngredientJoin.js","statementMap":{"0":{"start":{"line":1,"column":29},"end":{"line":1,"column":71}},"1":{"start":{"line":2,"column":11},"end":{"line":2,"column":44}},"2":{"start":{"line":4,"column":19},"end":{"line":17,"column":1}},"3":{"start":{"line":5,"column":4},"end":{"line":16,"column":11}},"4":{"start":{"line":10,"column":12},"end":{"line":10,"column":26}},"5":{"start":{"line":15,"column":12},"end":{"line":15,"column":23}},"6":{"start":{"line":19,"column":29},"end":{"line":45,"column":1}},"7":{"start":{"line":20,"column":4},"end":{"line":22,"column":5}},"8":{"start":{"line":21,"column":8},"end":{"line":21,"column":60}},"9":{"start":{"line":23,"column":22},"end":{"line":23,"column":24}},"10":{"start":{"line":24,"column":4},"end":{"line":28,"column":5}},"11":{"start":{"line":25,"column":8},"end":{"line":27,"column":10}},"12":{"start":{"line":29,"column":4},"end":{"line":33,"column":5}},"13":{"start":{"line":30,"column":8},"end":{"line":32,"column":10}},"14":{"start":{"line":35,"column":4},"end":{"line":44,"column":11}},"15":{"start":{"line":42,"column":12},"end":{"line":42,"column":31}},"16":{"start":{"line":43,"column":12},"end":{"line":43,"column":25}},"17":{"start":{"line":47,"column":39},"end":{"line":62,"column":1}},"18":{"start":{"line":48,"column":4},"end":{"line":48,"column":34}},"19":{"start":{"line":49,"column":4},"end":{"line":61,"column":11}},"20":{"start":{"line":53,"column":12},"end":{"line":53,"column":32}},"21":{"start":{"line":54,"column":12},"end":{"line":54,"column":60}},"22":{"start":{"line":55,"column":12},"end":{"line":55,"column":26}},"23":{"start":{"line":58,"column":12},"end":{"line":58,"column":29}},"24":{"start":{"line":59,"column":12},"end":{"line":59,"column":85}},"25":{"start":{"line":60,"column":12},"end":{"line":60,"column":23}},"26":{"start":{"line":64,"column":0},"end":{"line":69,"column":1}}},"fnMap":{"0":{"name":"(anonymous_0)","decl":{"start":{"line":4,"column":19},"end":{"line":4,"column":20}},"loc":{"start":{"line":4,"column":56},"end":{"line":17,"column":1}},"line":4},"1":{"name":"(anonymous_1)","decl":{"start":{"line":7,"column":14},"end":{"line":7,"column":15}},"loc":{"start":{"line":7,"column":26},"end":{"line":11,"column":9}},"line":7},"2":{"name":"(anonymous_2)","decl":{"start":{"line":12,"column":15},"end":{"line":12,"column":16}},"loc":{"start":{"line":12,"column":24},"end":{"line":16,"column":9}},"line":12},"3":{"name":"(anonymous_3)","decl":{"start":{"line":19,"column":29},"end":{"line":19,"column":30}},"loc":{"start":{"line":19,"column":52},"end":{"line":45,"column":1}},"line":19},"4":{"name":"(anonymous_4)","decl":{"start":{"line":41,"column":15},"end":{"line":41,"column":16}},"loc":{"start":{"line":41,"column":26},"end":{"line":44,"column":9}},"line":41},"5":{"name":"(anonymous_5)","decl":{"start":{"line":47,"column":39},"end":{"line":47,"column":40}},"loc":{"start":{"line":47,"column":72},"end":{"line":62,"column":1}},"line":47},"6":{"name":"(anonymous_6)","decl":{"start":{"line":52,"column":14},"end":{"line":52,"column":15}},"loc":{"start":{"line":52,"column":26},"end":{"line":56,"column":9}},"line":52},"7":{"name":"(anonymous_7)","decl":{"start":{"line":57,"column":15},"end":{"line":57,"column":16}},"loc":{"start":{"line":57,"column":24},"end":{"line":61,"column":9}},"line":57}},"branchMap":{"0":{"loc":{"start":{"line":20,"column":4},"end":{"line":22,"column":5}},"type":"if","locations":[{"start":{"line":20,"column":4},"end":{"line":22,"column":5}},{"start":{"line":20,"column":4},"end":{"line":22,"column":5}}],"line":20},"1":{"loc":{"start":{"line":24,"column":4},"end":{"line":28,"column":5}},"type":"if","locations":[{"start":{"line":24,"column":4},"end":{"line":28,"column":5}},{"start":{"line":24,"column":4},"end":{"line":28,"column":5}}],"line":24},"2":{"loc":{"start":{"line":29,"column":4},"end":{"line":33,"column":5}},"type":"if","locations":[{"start":{"line":29,"column":4},"end":{"line":33,"column":5}},{"start":{"line":29,"column":4},"end":{"line":33,"column":5}}],"line":29}},"s":{"0":6,"1":6,"2":6,"3":21,"4":21,"5":0,"6":6,"7":2,"8":0,"9":2,"10":2,"11":2,"12":2,"13":0,"14":2,"15":0,"16":0,"17":6,"18":0,"19":0,"20":0,"21":0,"22":0,"23":0,"24":0,"25":0,"26":6},"f":{"0":21,"1":21,"2":0,"3":2,"4":0,"5":0,"6":0,"7":0},"b":{"0":[0,2],"1":[2,0],"2":[0,2]},"_coverageSchema":"1a1c01bbd47fc00a2c39e90264f33305004495a9","hash":"abe762fd7e172d06ccaeba26b996fd10970efffe"}
,"/home/artain/Springboard/Capstone2/NeighborhoodRecipe-Backend/controllers/user.js": {"path":"/home/artain/Springboard/Capstone2/NeighborhoodRecipe-Backend/controllers/user.js","statementMap":{"0":{"start":{"line":1,"column":18},"end":{"line":1,"column":38}},"1":{"start":{"line":2,"column":13},"end":{"line":2,"column":38}},"2":{"start":{"line":3,"column":22},"end":{"line":3,"column":48}},"3":{"start":{"line":4,"column":11},"end":{"line":4,"column":45}},"4":{"start":{"line":5,"column":15},"end":{"line":5,"column":32}},"5":{"start":{"line":6,"column":31},"end":{"line":6,"column":61}},"6":{"start":{"line":7,"column":42},"end":{"line":7,"column":68}},"7":{"start":{"line":14,"column":19},"end":{"line":36,"column":1}},"8":{"start":{"line":15,"column":4},"end":{"line":21,"column":5}},"9":{"start":{"line":16,"column":8},"end":{"line":16,"column":81}},"10":{"start":{"line":17,"column":8},"end":{"line":17,"column":29}},"11":{"start":{"line":19,"column":8},"end":{"line":19,"column":44}},"12":{"start":{"line":20,"column":8},"end":{"line":20,"column":21}},"13":{"start":{"line":22,"column":25},"end":{"line":22,"column":73}},"14":{"start":{"line":23,"column":4},"end":{"line":25,"column":5}},"15":{"start":{"line":24,"column":8},"end":{"line":24,"column":60}},"16":{"start":{"line":26,"column":4},"end":{"line":35,"column":11}},"17":{"start":{"line":29,"column":29},"end":{"line":29,"column":56}},"18":{"start":{"line":30,"column":12},"end":{"line":30,"column":43}},"19":{"start":{"line":31,"column":12},"end":{"line":31,"column":30}},"20":{"start":{"line":34,"column":12},"end":{"line":34,"column":47}},"21":{"start":{"line":44,"column":17},"end":{"line":79,"column":1}},"22":{"start":{"line":46,"column":4},"end":{"line":46,"column":21}},"23":{"start":{"line":47,"column":4},"end":{"line":47,"column":45}},"24":{"start":{"line":47,"column":31},"end":{"line":47,"column":43}},"25":{"start":{"line":48,"column":4},"end":{"line":52,"column":5}},"26":{"start":{"line":49,"column":8},"end":{"line":51,"column":10}},"27":{"start":{"line":53,"column":4},"end":{"line":57,"column":5}},"28":{"start":{"line":54,"column":8},"end":{"line":56,"column":10}},"29":{"start":{"line":58,"column":4},"end":{"line":62,"column":5}},"30":{"start":{"line":59,"column":8},"end":{"line":61,"column":10}},"31":{"start":{"line":63,"column":29},"end":{"line":65,"column":5}},"32":{"start":{"line":66,"column":4},"end":{"line":66,"column":64}},"33":{"start":{"line":66,"column":24},"end":{"line":66,"column":62}},"34":{"start":{"line":67,"column":4},"end":{"line":78,"column":11}},"35":{"start":{"line":74,"column":12},"end":{"line":74,"column":26}},"36":{"start":{"line":77,"column":12},"end":{"line":77,"column":47}},"37":{"start":{"line":86,"column":19},"end":{"line":110,"column":1}},"38":{"start":{"line":87,"column":22},"end":{"line":87,"column":24}},"39":{"start":{"line":88,"column":4},"end":{"line":91,"column":5}},"40":{"start":{"line":89,"column":8},"end":{"line":89,"column":81}},"41":{"start":{"line":90,"column":8},"end":{"line":90,"column":29}},"42":{"start":{"line":92,"column":4},"end":{"line":92,"column":41}},"43":{"start":{"line":93,"column":4},"end":{"line":109,"column":11}},"44":{"start":{"line":104,"column":12},"end":{"line":104,"column":40}},"45":{"start":{"line":105,"column":12},"end":{"line":105,"column":26}},"46":{"start":{"line":108,"column":12},"end":{"line":108,"column":47}},"47":{"start":{"line":119,"column":25},"end":{"line":138,"column":1}},"48":{"start":{"line":120,"column":4},"end":{"line":137,"column":5}},"49":{"start":{"line":121,"column":22},"end":{"line":121,"column":71}},"50":{"start":{"line":122,"column":8},"end":{"line":130,"column":9}},"51":{"start":{"line":123,"column":12},"end":{"line":129,"column":13}},"52":{"start":{"line":124,"column":30},"end":{"line":124,"column":79}},"53":{"start":{"line":125,"column":16},"end":{"line":125,"column":41}},"54":{"start":{"line":126,"column":16},"end":{"line":128,"column":17}},"55":{"start":{"line":127,"column":20},"end":{"line":127,"column":32}},"56":{"start":{"line":131,"column":8},"end":{"line":131,"column":76}},"57":{"start":{"line":132,"column":8},"end":{"line":132,"column":21}},"58":{"start":{"line":135,"column":8},"end":{"line":135,"column":73}},"59":{"start":{"line":136,"column":8},"end":{"line":136,"column":21}},"60":{"start":{"line":140,"column":19},"end":{"line":150,"column":1}},"61":{"start":{"line":141,"column":4},"end":{"line":149,"column":5}},"62":{"start":{"line":142,"column":8},"end":{"line":146,"column":15}},"63":{"start":{"line":145,"column":16},"end":{"line":145,"column":30}},"64":{"start":{"line":148,"column":8},"end":{"line":148,"column":43}},"65":{"start":{"line":152,"column":19},"end":{"line":162,"column":1}},"66":{"start":{"line":153,"column":4},"end":{"line":161,"column":5}},"67":{"start":{"line":154,"column":8},"end":{"line":158,"column":15}},"68":{"start":{"line":157,"column":16},"end":{"line":157,"column":30}},"69":{"start":{"line":160,"column":8},"end":{"line":160,"column":43}},"70":{"start":{"line":164,"column":23},"end":{"line":172,"column":1}},"71":{"start":{"line":165,"column":4},"end":{"line":171,"column":5}},"72":{"start":{"line":166,"column":26},"end":{"line":166,"column":96}},"73":{"start":{"line":167,"column":8},"end":{"line":167,"column":27}},"74":{"start":{"line":169,"column":8},"end":{"line":169,"column":59}},"75":{"start":{"line":170,"column":8},"end":{"line":170,"column":43}},"76":{"start":{"line":174,"column":25},"end":{"line":181,"column":1}},"77":{"start":{"line":175,"column":4},"end":{"line":180,"column":5}},"78":{"start":{"line":176,"column":26},"end":{"line":176,"column":88}},"79":{"start":{"line":178,"column":8},"end":{"line":178,"column":68}},"80":{"start":{"line":179,"column":8},"end":{"line":179,"column":43}},"81":{"start":{"line":188,"column":20},"end":{"line":206,"column":1}},"82":{"start":{"line":189,"column":22},"end":{"line":189,"column":24}},"83":{"start":{"line":190,"column":4},"end":{"line":190,"column":36}},"84":{"start":{"line":191,"column":4},"end":{"line":205,"column":11}},"85":{"start":{"line":198,"column":12},"end":{"line":198,"column":41}},"86":{"start":{"line":200,"column":12},"end":{"line":200,"column":26}},"87":{"start":{"line":203,"column":12},"end":{"line":203,"column":78}},"88":{"start":{"line":204,"column":12},"end":{"line":204,"column":47}},"89":{"start":{"line":209,"column":0},"end":{"line":219,"column":1}}},"fnMap":{"0":{"name":"(anonymous_0)","decl":{"start":{"line":14,"column":19},"end":{"line":14,"column":20}},"loc":{"start":{"line":14,"column":40},"end":{"line":36,"column":1}},"line":14},"1":{"name":"(anonymous_1)","decl":{"start":{"line":28,"column":14},"end":{"line":28,"column":15}},"loc":{"start":{"line":28,"column":26},"end":{"line":32,"column":9}},"line":28},"2":{"name":"(anonymous_2)","decl":{"start":{"line":33,"column":15},"end":{"line":33,"column":16}},"loc":{"start":{"line":33,"column":24},"end":{"line":35,"column":9}},"line":33},"3":{"name":"(anonymous_3)","decl":{"start":{"line":44,"column":17},"end":{"line":44,"column":18}},"loc":{"start":{"line":44,"column":62},"end":{"line":79,"column":1}},"line":44},"4":{"name":"(anonymous_4)","decl":{"start":{"line":73,"column":14},"end":{"line":73,"column":15}},"loc":{"start":{"line":73,"column":26},"end":{"line":75,"column":9}},"line":73},"5":{"name":"(anonymous_5)","decl":{"start":{"line":76,"column":15},"end":{"line":76,"column":16}},"loc":{"start":{"line":76,"column":24},"end":{"line":78,"column":9}},"line":76},"6":{"name":"(anonymous_6)","decl":{"start":{"line":86,"column":19},"end":{"line":86,"column":20}},"loc":{"start":{"line":86,"column":40},"end":{"line":110,"column":1}},"line":86},"7":{"name":"(anonymous_7)","decl":{"start":{"line":103,"column":14},"end":{"line":103,"column":15}},"loc":{"start":{"line":103,"column":26},"end":{"line":106,"column":9}},"line":103},"8":{"name":"(anonymous_8)","decl":{"start":{"line":107,"column":15},"end":{"line":107,"column":16}},"loc":{"start":{"line":107,"column":24},"end":{"line":109,"column":9}},"line":107},"9":{"name":"(anonymous_9)","decl":{"start":{"line":119,"column":25},"end":{"line":119,"column":26}},"loc":{"start":{"line":119,"column":60},"end":{"line":138,"column":1}},"line":119},"10":{"name":"(anonymous_10)","decl":{"start":{"line":140,"column":19},"end":{"line":140,"column":20}},"loc":{"start":{"line":140,"column":64},"end":{"line":150,"column":1}},"line":140},"11":{"name":"(anonymous_11)","decl":{"start":{"line":144,"column":18},"end":{"line":144,"column":19}},"loc":{"start":{"line":144,"column":30},"end":{"line":146,"column":13}},"line":144},"12":{"name":"(anonymous_12)","decl":{"start":{"line":152,"column":19},"end":{"line":152,"column":20}},"loc":{"start":{"line":152,"column":63},"end":{"line":162,"column":1}},"line":152},"13":{"name":"(anonymous_13)","decl":{"start":{"line":156,"column":18},"end":{"line":156,"column":19}},"loc":{"start":{"line":156,"column":30},"end":{"line":158,"column":13}},"line":156},"14":{"name":"(anonymous_14)","decl":{"start":{"line":164,"column":23},"end":{"line":164,"column":24}},"loc":{"start":{"line":164,"column":52},"end":{"line":172,"column":1}},"line":164},"15":{"name":"(anonymous_15)","decl":{"start":{"line":174,"column":25},"end":{"line":174,"column":26}},"loc":{"start":{"line":174,"column":66},"end":{"line":181,"column":1}},"line":174},"16":{"name":"(anonymous_16)","decl":{"start":{"line":188,"column":20},"end":{"line":188,"column":21}},"loc":{"start":{"line":188,"column":45},"end":{"line":206,"column":1}},"line":188},"17":{"name":"(anonymous_17)","decl":{"start":{"line":197,"column":14},"end":{"line":197,"column":15}},"loc":{"start":{"line":197,"column":26},"end":{"line":201,"column":9}},"line":197},"18":{"name":"(anonymous_18)","decl":{"start":{"line":202,"column":15},"end":{"line":202,"column":16}},"loc":{"start":{"line":202,"column":24},"end":{"line":205,"column":9}},"line":202}},"branchMap":{"0":{"loc":{"start":{"line":15,"column":4},"end":{"line":21,"column":5}},"type":"if","locations":[{"start":{"line":15,"column":4},"end":{"line":21,"column":5}},{"start":{"line":15,"column":4},"end":{"line":21,"column":5}}],"line":15},"1":{"loc":{"start":{"line":23,"column":4},"end":{"line":25,"column":5}},"type":"if","locations":[{"start":{"line":23,"column":4},"end":{"line":25,"column":5}},{"start":{"line":23,"column":4},"end":{"line":25,"column":5}}],"line":23},"2":{"loc":{"start":{"line":44,"column":40},"end":{"line":44,"column":60}},"type":"default-arg","locations":[{"start":{"line":44,"column":55},"end":{"line":44,"column":60}}],"line":44},"3":{"loc":{"start":{"line":47,"column":4},"end":{"line":47,"column":45}},"type":"if","locations":[{"start":{"line":47,"column":4},"end":{"line":47,"column":45}},{"start":{"line":47,"column":4},"end":{"line":47,"column":45}}],"line":47},"4":{"loc":{"start":{"line":48,"column":4},"end":{"line":52,"column":5}},"type":"if","locations":[{"start":{"line":48,"column":4},"end":{"line":52,"column":5}},{"start":{"line":48,"column":4},"end":{"line":52,"column":5}}],"line":48},"5":{"loc":{"start":{"line":53,"column":4},"end":{"line":57,"column":5}},"type":"if","locations":[{"start":{"line":53,"column":4},"end":{"line":57,"column":5}},{"start":{"line":53,"column":4},"end":{"line":57,"column":5}}],"line":53},"6":{"loc":{"start":{"line":58,"column":4},"end":{"line":62,"column":5}},"type":"if","locations":[{"start":{"line":58,"column":4},"end":{"line":62,"column":5}},{"start":{"line":58,"column":4},"end":{"line":62,"column":5}}],"line":58},"7":{"loc":{"start":{"line":66,"column":4},"end":{"line":66,"column":64}},"type":"if","locations":[{"start":{"line":66,"column":4},"end":{"line":66,"column":64}},{"start":{"line":66,"column":4},"end":{"line":66,"column":64}}],"line":66},"8":{"loc":{"start":{"line":88,"column":4},"end":{"line":91,"column":5}},"type":"if","locations":[{"start":{"line":88,"column":4},"end":{"line":91,"column":5}},{"start":{"line":88,"column":4},"end":{"line":91,"column":5}}],"line":88},"9":{"loc":{"start":{"line":123,"column":12},"end":{"line":129,"column":13}},"type":"if","locations":[{"start":{"line":123,"column":12},"end":{"line":129,"column":13}},{"start":{"line":123,"column":12},"end":{"line":129,"column":13}}],"line":123},"10":{"loc":{"start":{"line":123,"column":16},"end":{"line":123,"column":41}},"type":"binary-expr","locations":[{"start":{"line":123,"column":16},"end":{"line":123,"column":20}},{"start":{"line":123,"column":24},"end":{"line":123,"column":41}}],"line":123},"11":{"loc":{"start":{"line":126,"column":16},"end":{"line":128,"column":17}},"type":"if","locations":[{"start":{"line":126,"column":16},"end":{"line":128,"column":17}},{"start":{"line":126,"column":16},"end":{"line":128,"column":17}}],"line":126}},"s":{"0":6,"1":6,"2":6,"3":6,"4":6,"5":6,"6":6,"7":6,"8":47,"9":47,"10":47,"11":0,"12":0,"13":47,"14":47,"15":3,"16":44,"17":42,"18":42,"19":42,"20":2,"21":6,"22":79,"23":79,"24":0,"25":79,"26":1,"27":79,"28":74,"29":79,"30":4,"31":79,"32":79,"33":26,"34":79,"35":78,"36":1,"37":6,"38":0,"39":0,"40":0,"41":0,"42":0,"43":0,"44":0,"45":0,"46":0,"47":6,"48":26,"49":26,"50":26,"51":23,"52":23,"53":23,"54":23,"55":22,"56":4,"57":4,"58":0,"59":0,"60":6,"61":4,"62":4,"63":4,"64":0,"65":6,"66":3,"67":3,"68":3,"69":0,"70":6,"71":4,"72":4,"73":4,"74":0,"75":0,"76":6,"77":1,"78":1,"79":0,"80":0,"81":6,"82":0,"83":0,"84":0,"85":0,"86":0,"87":0,"88":0,"89":6},"f":{"0":47,"1":42,"2":2,"3":79,"4":78,"5":1,"6":0,"7":0,"8":0,"9":26,"10":4,"11":4,"12":3,"13":3,"14":4,"15":1,"16":0,"17":0,"18":0},"b":{"0":[47,0],"1":[3,44],"2":[53],"3":[0,79],"4":[1,78],"5":[74,5],"6":[4,75],"7":[26,53],"8":[0,0],"9":[23,0],"10":[23,23],"11":[22,1]},"_coverageSchema":"1a1c01bbd47fc00a2c39e90264f33305004495a9","hash":"197cba3413366705b9572bd1dde9c7682cda3e71"}
,"/home/artain/Springboard/Capstone2/NeighborhoodRecipe-Backend/controllers/userUserJoins.js": {"path":"/home/artain/Springboard/Capstone2/NeighborhoodRecipe-Backend/controllers/userUserJoins.js","statementMap":{"0":{"start":{"line":1,"column":22},"end":{"line":1,"column":56}},"1":{"start":{"line":2,"column":11},"end":{"line":2,"column":44}},"2":{"start":{"line":4,"column":31},"end":{"line":43,"column":1}},"3":{"start":{"line":5,"column":4},"end":{"line":7,"column":5}},"4":{"start":{"line":6,"column":8},"end":{"line":6,"column":60}},"5":{"start":{"line":8,"column":22},"end":{"line":8,"column":24}},"6":{"start":{"line":9,"column":4},"end":{"line":34,"column":5}},"7":{"start":{"line":10,"column":8},"end":{"line":22,"column":10}},"8":{"start":{"line":24,"column":8},"end":{"line":28,"column":9}},"9":{"start":{"line":25,"column":12},"end":{"line":27,"column":14}},"10":{"start":{"line":29,"column":8},"end":{"line":33,"column":9}},"11":{"start":{"line":30,"column":12},"end":{"line":32,"column":14}},"12":{"start":{"line":35,"column":4},"end":{"line":42,"column":6}},"13":{"start":{"line":40,"column":8},"end":{"line":40,"column":27}},"14":{"start":{"line":41,"column":8},"end":{"line":41,"column":21}},"15":{"start":{"line":45,"column":33},"end":{"line":66,"column":1}},"16":{"start":{"line":46,"column":4},"end":{"line":48,"column":5}},"17":{"start":{"line":47,"column":8},"end":{"line":47,"column":58}},"18":{"start":{"line":49,"column":22},"end":{"line":57,"column":5}},"19":{"start":{"line":58,"column":4},"end":{"line":65,"column":6}},"20":{"start":{"line":63,"column":8},"end":{"line":63,"column":27}},"21":{"start":{"line":64,"column":8},"end":{"line":64,"column":21}},"22":{"start":{"line":67,"column":33},"end":{"line":88,"column":1}},"23":{"start":{"line":68,"column":4},"end":{"line":70,"column":5}},"24":{"start":{"line":69,"column":8},"end":{"line":69,"column":61}},"25":{"start":{"line":71,"column":22},"end":{"line":79,"column":5}},"26":{"start":{"line":80,"column":4},"end":{"line":87,"column":6}},"27":{"start":{"line":85,"column":8},"end":{"line":85,"column":27}},"28":{"start":{"line":86,"column":8},"end":{"line":86,"column":21}},"29":{"start":{"line":89,"column":25},"end":{"line":116,"column":1}},"30":{"start":{"line":90,"column":4},"end":{"line":92,"column":5}},"31":{"start":{"line":91,"column":8},"end":{"line":91,"column":61}},"32":{"start":{"line":93,"column":4},"end":{"line":95,"column":5}},"33":{"start":{"line":94,"column":8},"end":{"line":94,"column":58}},"34":{"start":{"line":96,"column":22},"end":{"line":103,"column":5}},"35":{"start":{"line":104,"column":17},"end":{"line":104,"column":62}},"36":{"start":{"line":105,"column":4},"end":{"line":115,"column":11}},"37":{"start":{"line":109,"column":12},"end":{"line":109,"column":26}},"38":{"start":{"line":114,"column":12},"end":{"line":114,"column":23}},"39":{"start":{"line":117,"column":29},"end":{"line":134,"column":1}},"40":{"start":{"line":118,"column":4},"end":{"line":120,"column":5}},"41":{"start":{"line":119,"column":8},"end":{"line":119,"column":61}},"42":{"start":{"line":121,"column":4},"end":{"line":123,"column":5}},"43":{"start":{"line":122,"column":8},"end":{"line":122,"column":58}},"44":{"start":{"line":124,"column":4},"end":{"line":133,"column":11}},"45":{"start":{"line":127,"column":12},"end":{"line":127,"column":25}},"46":{"start":{"line":132,"column":12},"end":{"line":132,"column":23}},"47":{"start":{"line":135,"column":25},"end":{"line":169,"column":1}},"48":{"start":{"line":136,"column":4},"end":{"line":138,"column":5}},"49":{"start":{"line":137,"column":8},"end":{"line":137,"column":61}},"50":{"start":{"line":139,"column":4},"end":{"line":141,"column":5}},"51":{"start":{"line":140,"column":8},"end":{"line":140,"column":58}},"52":{"start":{"line":142,"column":4},"end":{"line":160,"column":6}},"53":{"start":{"line":161,"column":21},"end":{"line":163,"column":6}},"54":{"start":{"line":164,"column":4},"end":{"line":164,"column":79}},"55":{"start":{"line":164,"column":19},"end":{"line":164,"column":79}},"56":{"start":{"line":165,"column":4},"end":{"line":165,"column":29}},"57":{"start":{"line":166,"column":4},"end":{"line":166,"column":72}},"58":{"start":{"line":171,"column":0},"end":{"line":178,"column":2}}},"fnMap":{"0":{"name":"(anonymous_0)","decl":{"start":{"line":4,"column":31},"end":{"line":4,"column":32}},"loc":{"start":{"line":4,"column":54},"end":{"line":43,"column":1}},"line":4},"1":{"name":"(anonymous_1)","decl":{"start":{"line":39,"column":13},"end":{"line":39,"column":14}},"loc":{"start":{"line":39,"column":24},"end":{"line":42,"column":5}},"line":39},"2":{"name":"(anonymous_2)","decl":{"start":{"line":45,"column":33},"end":{"line":45,"column":34}},"loc":{"start":{"line":45,"column":60},"end":{"line":66,"column":1}},"line":45},"3":{"name":"(anonymous_3)","decl":{"start":{"line":62,"column":13},"end":{"line":62,"column":14}},"loc":{"start":{"line":62,"column":24},"end":{"line":65,"column":5}},"line":62},"4":{"name":"(anonymous_4)","decl":{"start":{"line":67,"column":33},"end":{"line":67,"column":34}},"loc":{"start":{"line":67,"column":63},"end":{"line":88,"column":1}},"line":67},"5":{"name":"(anonymous_5)","decl":{"start":{"line":84,"column":13},"end":{"line":84,"column":14}},"loc":{"start":{"line":84,"column":24},"end":{"line":87,"column":5}},"line":84},"6":{"name":"(anonymous_6)","decl":{"start":{"line":89,"column":25},"end":{"line":89,"column":26}},"loc":{"start":{"line":89,"column":67},"end":{"line":116,"column":1}},"line":89},"7":{"name":"(anonymous_7)","decl":{"start":{"line":106,"column":14},"end":{"line":106,"column":15}},"loc":{"start":{"line":106,"column":26},"end":{"line":110,"column":9}},"line":106},"8":{"name":"(anonymous_8)","decl":{"start":{"line":111,"column":15},"end":{"line":111,"column":16}},"loc":{"start":{"line":111,"column":24},"end":{"line":115,"column":9}},"line":111},"9":{"name":"(anonymous_9)","decl":{"start":{"line":117,"column":29},"end":{"line":117,"column":30}},"loc":{"start":{"line":117,"column":71},"end":{"line":134,"column":1}},"line":117},"10":{"name":"(anonymous_10)","decl":{"start":{"line":125,"column":14},"end":{"line":125,"column":15}},"loc":{"start":{"line":125,"column":26},"end":{"line":128,"column":9}},"line":125},"11":{"name":"(anonymous_11)","decl":{"start":{"line":129,"column":15},"end":{"line":129,"column":16}},"loc":{"start":{"line":129,"column":24},"end":{"line":133,"column":9}},"line":129},"12":{"name":"(anonymous_12)","decl":{"start":{"line":135,"column":25},"end":{"line":135,"column":26}},"loc":{"start":{"line":135,"column":67},"end":{"line":169,"column":1}},"line":135}},"branchMap":{"0":{"loc":{"start":{"line":5,"column":4},"end":{"line":7,"column":5}},"type":"if","locations":[{"start":{"line":5,"column":4},"end":{"line":7,"column":5}},{"start":{"line":5,"column":4},"end":{"line":7,"column":5}}],"line":5},"1":{"loc":{"start":{"line":9,"column":4},"end":{"line":34,"column":5}},"type":"if","locations":[{"start":{"line":9,"column":4},"end":{"line":34,"column":5}},{"start":{"line":9,"column":4},"end":{"line":34,"column":5}}],"line":9},"2":{"loc":{"start":{"line":24,"column":8},"end":{"line":28,"column":9}},"type":"if","locations":[{"start":{"line":24,"column":8},"end":{"line":28,"column":9}},{"start":{"line":24,"column":8},"end":{"line":28,"column":9}}],"line":24},"3":{"loc":{"start":{"line":29,"column":8},"end":{"line":33,"column":9}},"type":"if","locations":[{"start":{"line":29,"column":8},"end":{"line":33,"column":9}},{"start":{"line":29,"column":8},"end":{"line":33,"column":9}}],"line":29},"4":{"loc":{"start":{"line":46,"column":4},"end":{"line":48,"column":5}},"type":"if","locations":[{"start":{"line":46,"column":4},"end":{"line":48,"column":5}},{"start":{"line":46,"column":4},"end":{"line":48,"column":5}}],"line":46},"5":{"loc":{"start":{"line":68,"column":4},"end":{"line":70,"column":5}},"type":"if","locations":[{"start":{"line":68,"column":4},"end":{"line":70,"column":5}},{"start":{"line":68,"column":4},"end":{"line":70,"column":5}}],"line":68},"6":{"loc":{"start":{"line":90,"column":4},"end":{"line":92,"column":5}},"type":"if","locations":[{"start":{"line":90,"column":4},"end":{"line":92,"column":5}},{"start":{"line":90,"column":4},"end":{"line":92,"column":5}}],"line":90},"7":{"loc":{"start":{"line":93,"column":4},"end":{"line":95,"column":5}},"type":"if","locations":[{"start":{"line":93,"column":4},"end":{"line":95,"column":5}},{"start":{"line":93,"column":4},"end":{"line":95,"column":5}}],"line":93},"8":{"loc":{"start":{"line":118,"column":4},"end":{"line":120,"column":5}},"type":"if","locations":[{"start":{"line":118,"column":4},"end":{"line":120,"column":5}},{"start":{"line":118,"column":4},"end":{"line":120,"column":5}}],"line":118},"9":{"loc":{"start":{"line":121,"column":4},"end":{"line":123,"column":5}},"type":"if","locations":[{"start":{"line":121,"column":4},"end":{"line":123,"column":5}},{"start":{"line":121,"column":4},"end":{"line":123,"column":5}}],"line":121},"10":{"loc":{"start":{"line":136,"column":4},"end":{"line":138,"column":5}},"type":"if","locations":[{"start":{"line":136,"column":4},"end":{"line":138,"column":5}},{"start":{"line":136,"column":4},"end":{"line":138,"column":5}}],"line":136},"11":{"loc":{"start":{"line":139,"column":4},"end":{"line":141,"column":5}},"type":"if","locations":[{"start":{"line":139,"column":4},"end":{"line":141,"column":5}},{"start":{"line":139,"column":4},"end":{"line":141,"column":5}}],"line":139},"12":{"loc":{"start":{"line":164,"column":4},"end":{"line":164,"column":79}},"type":"if","locations":[{"start":{"line":164,"column":4},"end":{"line":164,"column":79}},{"start":{"line":164,"column":4},"end":{"line":164,"column":79}}],"line":164}},"s":{"0":6,"1":6,"2":6,"3":4,"4":0,"5":4,"6":4,"7":4,"8":0,"9":0,"10":0,"11":0,"12":4,"13":0,"14":0,"15":6,"16":1,"17":0,"18":1,"19":1,"20":0,"21":0,"22":6,"23":0,"24":0,"25":0,"26":0,"27":0,"28":0,"29":6,"30":3,"31":0,"32":3,"33":0,"34":3,"35":3,"36":3,"37":1,"38":2,"39":6,"40":4,"41":0,"42":4,"43":0,"44":4,"45":1,"46":3,"47":6,"48":1,"49":0,"50":1,"51":0,"52":1,"53":1,"54":1,"55":0,"56":1,"57":1,"58":6},"f":{"0":4,"1":0,"2":1,"3":0,"4":0,"5":0,"6":3,"7":1,"8":2,"9":4,"10":1,"11":3,"12":1},"b":{"0":[0,4],"1":[4,0],"2":[0,0],"3":[0,0],"4":[0,1],"5":[0,0],"6":[0,3],"7":[0,3],"8":[0,4],"9":[0,4],"10":[0,1],"11":[0,1],"12":[0,1]},"_coverageSchema":"1a1c01bbd47fc00a2c39e90264f33305004495a9","hash":"a3bc57d352baf365efe92606434596bd1e3d0cf0"}
,"/home/artain/Springboard/Capstone2/NeighborhoodRecipe-Backend/models/index.js": {"path":"/home/artain/Springboard/Capstone2/NeighborhoodRecipe-Backend/models/index.js","statementMap":{"0":{"start":{"line":1,"column":22},"end":{"line":1,"column":42}},"1":{"start":{"line":2,"column":15},"end":{"line":2,"column":45}},"2":{"start":{"line":3,"column":13},"end":{"line":3,"column":28}},"3":{"start":{"line":4,"column":11},"end":{"line":4,"column":24}},"4":{"start":{"line":5,"column":17},"end":{"line":5,"column":42}},"5":{"start":{"line":6,"column":11},"end":{"line":6,"column":13}},"6":{"start":{"line":9,"column":0},"end":{"line":16,"column":1}},"7":{"start":{"line":10,"column":4},"end":{"line":15,"column":6}},"8":{"start":{"line":17,"column":0},"end":{"line":24,"column":1}},"9":{"start":{"line":18,"column":4},"end":{"line":23,"column":6}},"10":{"start":{"line":27,"column":0},"end":{"line":35,"column":7}},"11":{"start":{"line":30,"column":8},"end":{"line":30,"column":93}},"12":{"start":{"line":33,"column":22},"end":{"line":33,"column":89}},"13":{"start":{"line":34,"column":8},"end":{"line":34,"column":31}},"14":{"start":{"line":36,"column":0},"end":{"line":40,"column":2}},"15":{"start":{"line":37,"column":4},"end":{"line":39,"column":5}},"16":{"start":{"line":38,"column":8},"end":{"line":38,"column":36}},"17":{"start":{"line":42,"column":0},"end":{"line":42,"column":25}},"18":{"start":{"line":43,"column":0},"end":{"line":43,"column":25}},"19":{"start":{"line":44,"column":0},"end":{"line":44,"column":20}}},"fnMap":{"0":{"name":"(anonymous_0)","decl":{"start":{"line":29,"column":12},"end":{"line":29,"column":13}},"loc":{"start":{"line":29,"column":20},"end":{"line":31,"column":5}},"line":29},"1":{"name":"(anonymous_1)","decl":{"start":{"line":32,"column":13},"end":{"line":32,"column":14}},"loc":{"start":{"line":32,"column":21},"end":{"line":35,"column":5}},"line":32},"2":{"name":"(anonymous_2)","decl":{"start":{"line":36,"column":24},"end":{"line":36,"column":25}},"loc":{"start":{"line":36,"column":37},"end":{"line":40,"column":1}},"line":36}},"branchMap":{"0":{"loc":{"start":{"line":9,"column":0},"end":{"line":16,"column":1}},"type":"if","locations":[{"start":{"line":9,"column":0},"end":{"line":16,"column":1}},{"start":{"line":9,"column":0},"end":{"line":16,"column":1}}],"line":9},"1":{"loc":{"start":{"line":17,"column":0},"end":{"line":24,"column":1}},"type":"if","locations":[{"start":{"line":17,"column":0},"end":{"line":24,"column":1}},{"start":{"line":17,"column":0},"end":{"line":24,"column":1}}],"line":17},"2":{"loc":{"start":{"line":30,"column":15},"end":{"line":30,"column":92}},"type":"binary-expr","locations":[{"start":{"line":30,"column":16},"end":{"line":30,"column":39}},{"start":{"line":30,"column":45},"end":{"line":30,"column":61}},{"start":{"line":30,"column":67},"end":{"line":30,"column":91}}],"line":30},"3":{"loc":{"start":{"line":37,"column":4},"end":{"line":39,"column":5}},"type":"if","locations":[{"start":{"line":37,"column":4},"end":{"line":39,"column":5}},{"start":{"line":37,"column":4},"end":{"line":39,"column":5}}],"line":37}},"s":{"0":6,"1":6,"2":6,"3":6,"4":6,"5":6,"6":6,"7":6,"8":6,"9":0,"10":6,"11":36,"12":30,"13":30,"14":6,"15":30,"16":24,"17":6,"18":6,"19":6},"f":{"0":36,"1":30,"2":30},"b":{"0":[6,0],"1":[0,6],"2":[36,36,30],"3":[24,6]},"_coverageSchema":"1a1c01bbd47fc00a2c39e90264f33305004495a9","hash":"e560c78095d1ac26eb66bd331f688c670b524dc8"}
,"/home/artain/Springboard/Capstone2/NeighborhoodRecipe-Backend/models/recipe.js": {"path":"/home/artain/Springboard/Capstone2/NeighborhoodRecipe-Backend/models/recipe.js","statementMap":{"0":{"start":{"line":1,"column":0},"end":{"line":74,"column":1}},"1":{"start":{"line":2,"column":19},"end":{"line":59,"column":6}},"2":{"start":{"line":60,"column":4},"end":{"line":72,"column":5}},"3":{"start":{"line":61,"column":8},"end":{"line":64,"column":11}},"4":{"start":{"line":65,"column":8},"end":{"line":69,"column":11}},"5":{"start":{"line":73,"column":4},"end":{"line":73,"column":18}}},"fnMap":{"0":{"name":"(anonymous_0)","decl":{"start":{"line":1,"column":17},"end":{"line":1,"column":18}},"loc":{"start":{"line":1,"column":43},"end":{"line":74,"column":1}},"line":1},"1":{"name":"(anonymous_1)","decl":{"start":{"line":60,"column":23},"end":{"line":60,"column":24}},"loc":{"start":{"line":60,"column":35},"end":{"line":72,"column":5}},"line":60}},"branchMap":{},"s":{"0":6,"1":6,"2":6,"3":6,"4":6,"5":6},"f":{"0":6,"1":6},"b":{},"_coverageSchema":"1a1c01bbd47fc00a2c39e90264f33305004495a9","hash":"66d0f98877c3376b4a05167502c0e0e526b40091"}
,"/home/artain/Springboard/Capstone2/NeighborhoodRecipe-Backend/models/user.js": {"path":"/home/artain/Springboard/Capstone2/NeighborhoodRecipe-Backend/models/user.js","statementMap":{"0":{"start":{"line":1,"column":0},"end":{"line":51,"column":1}},"1":{"start":{"line":2,"column":17},"end":{"line":34,"column":6}},"2":{"start":{"line":35,"column":4},"end":{"line":48,"column":6}},"3":{"start":{"line":36,"column":8},"end":{"line":47,"column":14}},"4":{"start":{"line":50,"column":4},"end":{"line":50,"column":16}}},"fnMap":{"0":{"name":"(anonymous_0)","decl":{"start":{"line":1,"column":17},"end":{"line":1,"column":18}},"loc":{"start":{"line":1,"column":43},"end":{"line":51,"column":1}},"line":1},"1":{"name":"(anonymous_1)","decl":{"start":{"line":35,"column":21},"end":{"line":35,"column":22}},"loc":{"start":{"line":35,"column":33},"end":{"line":48,"column":5}},"line":35}},"branchMap":{},"s":{"0":6,"1":6,"2":6,"3":6,"4":6},"f":{"0":6,"1":6},"b":{},"_coverageSchema":"1a1c01bbd47fc00a2c39e90264f33305004495a9","hash":"2d9996c473e05193c0efdcb32ba9461fbd013691"}
,"/home/artain/Springboard/Capstone2/NeighborhoodRecipe-Backend/models/userUserJoins.js": {"path":"/home/artain/Springboard/Capstone2/NeighborhoodRecipe-Backend/models/userUserJoins.js","statementMap":{"0":{"start":{"line":1,"column":0},"end":{"line":28,"column":1}},"1":{"start":{"line":2,"column":26},"end":{"line":13,"column":6}},"2":{"start":{"line":27,"column":4},"end":{"line":27,"column":25}}},"fnMap":{"0":{"name":"(anonymous_0)","decl":{"start":{"line":1,"column":17},"end":{"line":1,"column":18}},"loc":{"start":{"line":1,"column":43},"end":{"line":28,"column":1}},"line":1}},"branchMap":{},"s":{"0":6,"1":6,"2":6},"f":{"0":6},"b":{},"_coverageSchema":"1a1c01bbd47fc00a2c39e90264f33305004495a9","hash":"5b63fbba786994a69d311a714c20867fb3c2a931"}
,"/home/artain/Springboard/Capstone2/NeighborhoodRecipe-Backend/routes/auth.js": {"path":"/home/artain/Springboard/Capstone2/NeighborhoodRecipe-Backend/routes/auth.js","statementMap":{"0":{"start":{"line":5,"column":19},"end":{"line":5,"column":40}},"1":{"start":{"line":7,"column":13},"end":{"line":7,"column":43}},"2":{"start":{"line":8,"column":16},"end":{"line":8,"column":34}},"3":{"start":{"line":9,"column":15},"end":{"line":9,"column":35}},"4":{"start":{"line":10,"column":15},"end":{"line":10,"column":32}},"5":{"start":{"line":11,"column":24},"end":{"line":11,"column":52}},"6":{"start":{"line":12,"column":23},"end":{"line":12,"column":58}},"7":{"start":{"line":13,"column":27},"end":{"line":13,"column":66}},"8":{"start":{"line":14,"column":61},"end":{"line":14,"column":87}},"9":{"start":{"line":15,"column":31},"end":{"line":15,"column":58}},"10":{"start":{"line":24,"column":0},"end":{"line":43,"column":3}},"11":{"start":{"line":25,"column":4},"end":{"line":42,"column":5}},"12":{"start":{"line":26,"column":26},"end":{"line":26,"column":71}},"13":{"start":{"line":27,"column":8},"end":{"line":30,"column":9}},"14":{"start":{"line":28,"column":25},"end":{"line":28,"column":59}},"15":{"start":{"line":28,"column":51},"end":{"line":28,"column":58}},"16":{"start":{"line":29,"column":12},"end":{"line":29,"column":53}},"17":{"start":{"line":31,"column":39},"end":{"line":31,"column":47}},"18":{"start":{"line":32,"column":22},"end":{"line":32,"column":69}},"19":{"start":{"line":33,"column":8},"end":{"line":35,"column":9}},"20":{"start":{"line":34,"column":12},"end":{"line":34,"column":72}},"21":{"start":{"line":36,"column":22},"end":{"line":36,"column":40}},"22":{"start":{"line":37,"column":8},"end":{"line":37,"column":34}},"23":{"start":{"line":38,"column":8},"end":{"line":38,"column":47}},"24":{"start":{"line":41,"column":8},"end":{"line":41,"column":25}},"25":{"start":{"line":76,"column":0},"end":{"line":97,"column":3}},"26":{"start":{"line":77,"column":4},"end":{"line":96,"column":5}},"27":{"start":{"line":78,"column":26},"end":{"line":78,"column":75}},"28":{"start":{"line":79,"column":8},"end":{"line":82,"column":9}},"29":{"start":{"line":80,"column":25},"end":{"line":80,"column":59}},"30":{"start":{"line":80,"column":51},"end":{"line":80,"column":58}},"31":{"start":{"line":81,"column":12},"end":{"line":81,"column":44}},"32":{"start":{"line":83,"column":25},"end":{"line":83,"column":42}},"33":{"start":{"line":84,"column":29},"end":{"line":84,"column":46}},"34":{"start":{"line":85,"column":8},"end":{"line":85,"column":40}},"35":{"start":{"line":87,"column":22},"end":{"line":87,"column":73}},"36":{"start":{"line":88,"column":8},"end":{"line":90,"column":9}},"37":{"start":{"line":89,"column":12},"end":{"line":89,"column":86}},"38":{"start":{"line":91,"column":22},"end":{"line":91,"column":40}},"39":{"start":{"line":92,"column":8},"end":{"line":92,"column":34}},"40":{"start":{"line":93,"column":8},"end":{"line":93,"column":47}},"41":{"start":{"line":95,"column":8},"end":{"line":95,"column":25}},"42":{"start":{"line":100,"column":0},"end":{"line":100,"column":24}}},"fnMap":{"0":{"name":"(anonymous_0)","decl":{"start":{"line":24,"column":22},"end":{"line":24,"column":23}},"loc":{"start":{"line":24,"column":53},"end":{"line":43,"column":1}},"line":24},"1":{"name":"(anonymous_1)","decl":{"start":{"line":28,"column":46},"end":{"line":28,"column":47}},"loc":{"start":{"line":28,"column":51},"end":{"line":28,"column":58}},"line":28},"2":{"name":"(anonymous_2)","decl":{"start":{"line":76,"column":25},"end":{"line":76,"column":26}},"loc":{"start":{"line":76,"column":56},"end":{"line":97,"column":1}},"line":76},"3":{"name":"(anonymous_3)","decl":{"start":{"line":80,"column":46},"end":{"line":80,"column":47}},"loc":{"start":{"line":80,"column":51},"end":{"line":80,"column":58}},"line":80}},"branchMap":{"0":{"loc":{"start":{"line":27,"column":8},"end":{"line":30,"column":9}},"type":"if","locations":[{"start":{"line":27,"column":8},"end":{"line":30,"column":9}},{"start":{"line":27,"column":8},"end":{"line":30,"column":9}}],"line":27},"1":{"loc":{"start":{"line":33,"column":8},"end":{"line":35,"column":9}},"type":"if","locations":[{"start":{"line":33,"column":8},"end":{"line":35,"column":9}},{"start":{"line":33,"column":8},"end":{"line":35,"column":9}}],"line":33},"2":{"loc":{"start":{"line":79,"column":8},"end":{"line":82,"column":9}},"type":"if","locations":[{"start":{"line":79,"column":8},"end":{"line":82,"column":9}},{"start":{"line":79,"column":8},"end":{"line":82,"column":9}}],"line":79},"3":{"loc":{"start":{"line":88,"column":8},"end":{"line":90,"column":9}},"type":"if","locations":[{"start":{"line":88,"column":8},"end":{"line":90,"column":9}},{"start":{"line":88,"column":8},"end":{"line":90,"column":9}}],"line":88}},"s":{"0":6,"1":6,"2":6,"3":6,"4":6,"5":6,"6":6,"7":6,"8":6,"9":6,"10":6,"11":25,"12":25,"13":25,"14":0,"15":0,"16":0,"17":25,"18":25,"19":25,"20":4,"21":21,"22":21,"23":21,"24":4,"25":6,"26":1,"27":1,"28":1,"29":0,"30":0,"31":0,"32":1,"33":1,"34":1,"35":1,"36":1,"37":0,"38":1,"39":1,"40":1,"41":0,"42":6},"f":{"0":25,"1":0,"2":1,"3":0},"b":{"0":[0,25],"1":[4,21],"2":[0,1],"3":[0,1]},"_coverageSchema":"1a1c01bbd47fc00a2c39e90264f33305004495a9","hash":"0675bba1bf8114e5093779c5e9733cec64645894"}
,"/home/artain/Springboard/Capstone2/NeighborhoodRecipe-Backend/routes/recipes.js": {"path":"/home/artain/Springboard/Capstone2/NeighborhoodRecipe-Backend/routes/recipes.js","statementMap":{"0":{"start":{"line":5,"column":19},"end":{"line":5,"column":40}},"1":{"start":{"line":6,"column":18},"end":{"line":6,"column":54}},"2":{"start":{"line":7,"column":27},"end":{"line":7,"column":66}},"3":{"start":{"line":8,"column":15},"end":{"line":8,"column":47}},"4":{"start":{"line":9,"column":13},"end":{"line":9,"column":43}},"5":{"start":{"line":10,"column":16},"end":{"line":10,"column":34}},"6":{"start":{"line":11,"column":15},"end":{"line":11,"column":35}},"7":{"start":{"line":12,"column":15},"end":{"line":12,"column":32}},"8":{"start":{"line":13,"column":24},"end":{"line":13,"column":52}},"9":{"start":{"line":14,"column":40},"end":{"line":14,"column":69}},"10":{"start":{"line":15,"column":58},"end":{"line":15,"column":84}},"11":{"start":{"line":24,"column":0},"end":{"line":32,"column":3}},"12":{"start":{"line":25,"column":4},"end":{"line":31,"column":5}},"13":{"start":{"line":26,"column":24},"end":{"line":26,"column":48}},"14":{"start":{"line":27,"column":8},"end":{"line":27,"column":46}},"15":{"start":{"line":29,"column":8},"end":{"line":29,"column":25}},"16":{"start":{"line":30,"column":8},"end":{"line":30,"column":25}},"17":{"start":{"line":41,"column":0},"end":{"line":60,"column":2}},"18":{"start":{"line":42,"column":4},"end":{"line":59,"column":5}},"19":{"start":{"line":43,"column":23},"end":{"line":43,"column":84}},"20":{"start":{"line":44,"column":25},"end":{"line":44,"column":39}},"21":{"start":{"line":45,"column":8},"end":{"line":47,"column":9}},"22":{"start":{"line":46,"column":12},"end":{"line":46,"column":36}},"23":{"start":{"line":48,"column":28},"end":{"line":48,"column":79}},"24":{"start":{"line":49,"column":25},"end":{"line":49,"column":30}},"25":{"start":{"line":50,"column":8},"end":{"line":54,"column":9}},"26":{"start":{"line":51,"column":12},"end":{"line":53,"column":13}},"27":{"start":{"line":52,"column":16},"end":{"line":52,"column":40}},"28":{"start":{"line":55,"column":8},"end":{"line":55,"column":94}},"29":{"start":{"line":57,"column":8},"end":{"line":57,"column":25}},"30":{"start":{"line":58,"column":8},"end":{"line":58,"column":25}},"31":{"start":{"line":69,"column":0},"end":{"line":84,"column":3}},"32":{"start":{"line":70,"column":4},"end":{"line":83,"column":5}},"33":{"start":{"line":71,"column":26},"end":{"line":71,"column":66}},"34":{"start":{"line":72,"column":8},"end":{"line":75,"column":9}},"35":{"start":{"line":73,"column":25},"end":{"line":73,"column":59}},"36":{"start":{"line":73,"column":51},"end":{"line":73,"column":58}},"37":{"start":{"line":74,"column":12},"end":{"line":74,"column":44}},"38":{"start":{"line":76,"column":8},"end":{"line":76,"column":53}},"39":{"start":{"line":77,"column":23},"end":{"line":77,"column":58}},"40":{"start":{"line":79,"column":8},"end":{"line":79,"column":69}},"41":{"start":{"line":81,"column":8},"end":{"line":81,"column":25}},"42":{"start":{"line":82,"column":8},"end":{"line":82,"column":25}},"43":{"start":{"line":93,"column":0},"end":{"line":111,"column":3}},"44":{"start":{"line":94,"column":4},"end":{"line":110,"column":5}},"45":{"start":{"line":95,"column":23},"end":{"line":95,"column":101}},"46":{"start":{"line":96,"column":8},"end":{"line":98,"column":9}},"47":{"start":{"line":97,"column":12},"end":{"line":97,"column":107}},"48":{"start":{"line":100,"column":26},"end":{"line":100,"column":75}},"49":{"start":{"line":101,"column":8},"end":{"line":104,"column":9}},"50":{"start":{"line":102,"column":25},"end":{"line":102,"column":59}},"51":{"start":{"line":102,"column":51},"end":{"line":102,"column":58}},"52":{"start":{"line":103,"column":12},"end":{"line":103,"column":44}},"53":{"start":{"line":105,"column":8},"end":{"line":105,"column":51}},"54":{"start":{"line":106,"column":24},"end":{"line":106,"column":59}},"55":{"start":{"line":107,"column":8},"end":{"line":107,"column":39}},"56":{"start":{"line":109,"column":8},"end":{"line":109,"column":25}},"57":{"start":{"line":120,"column":0},"end":{"line":134,"column":3}},"58":{"start":{"line":121,"column":4},"end":{"line":133,"column":5}},"59":{"start":{"line":122,"column":23},"end":{"line":122,"column":84}},"60":{"start":{"line":123,"column":8},"end":{"line":125,"column":9}},"61":{"start":{"line":124,"column":12},"end":{"line":124,"column":105}},"62":{"start":{"line":126,"column":23},"end":{"line":126,"column":71}},"63":{"start":{"line":127,"column":8},"end":{"line":129,"column":9}},"64":{"start":{"line":128,"column":12},"end":{"line":128,"column":59}},"65":{"start":{"line":130,"column":8},"end":{"line":130,"column":49}},"66":{"start":{"line":132,"column":8},"end":{"line":132,"column":25}},"67":{"start":{"line":136,"column":0},"end":{"line":136,"column":24}}},"fnMap":{"0":{"name":"(anonymous_0)","decl":{"start":{"line":24,"column":45},"end":{"line":24,"column":46}},"loc":{"start":{"line":24,"column":76},"end":{"line":32,"column":1}},"line":24},"1":{"name":"(anonymous_1)","decl":{"start":{"line":41,"column":43},"end":{"line":41,"column":44}},"loc":{"start":{"line":41,"column":74},"end":{"line":60,"column":1}},"line":41},"2":{"name":"(anonymous_2)","decl":{"start":{"line":69,"column":33},"end":{"line":69,"column":34}},"loc":{"start":{"line":69,"column":64},"end":{"line":84,"column":1}},"line":69},"3":{"name":"(anonymous_3)","decl":{"start":{"line":73,"column":46},"end":{"line":73,"column":47}},"loc":{"start":{"line":73,"column":51},"end":{"line":73,"column":58}},"line":73},"4":{"name":"(anonymous_4)","decl":{"start":{"line":93,"column":34},"end":{"line":93,"column":35}},"loc":{"start":{"line":93,"column":65},"end":{"line":111,"column":1}},"line":93},"5":{"name":"(anonymous_5)","decl":{"start":{"line":102,"column":46},"end":{"line":102,"column":47}},"loc":{"start":{"line":102,"column":51},"end":{"line":102,"column":58}},"line":102},"6":{"name":"(anonymous_6)","decl":{"start":{"line":120,"column":46},"end":{"line":120,"column":47}},"loc":{"start":{"line":120,"column":77},"end":{"line":134,"column":1}},"line":120}},"branchMap":{"0":{"loc":{"start":{"line":45,"column":8},"end":{"line":47,"column":9}},"type":"if","locations":[{"start":{"line":45,"column":8},"end":{"line":47,"column":9}},{"start":{"line":45,"column":8},"end":{"line":47,"column":9}}],"line":45},"1":{"loc":{"start":{"line":45,"column":12},"end":{"line":45,"column":100}},"type":"binary-expr","locations":[{"start":{"line":45,"column":12},"end":{"line":45,"column":64}},{"start":{"line":45,"column":68},"end":{"line":45,"column":100}}],"line":45},"2":{"loc":{"start":{"line":51,"column":12},"end":{"line":53,"column":13}},"type":"if","locations":[{"start":{"line":51,"column":12},"end":{"line":53,"column":13}},{"start":{"line":51,"column":12},"end":{"line":53,"column":13}}],"line":51},"3":{"loc":{"start":{"line":51,"column":16},"end":{"line":51,"column":138}},"type":"binary-expr","locations":[{"start":{"line":51,"column":16},"end":{"line":51,"column":35}},{"start":{"line":51,"column":40},"end":{"line":51,"column":85}},{"start":{"line":51,"column":89},"end":{"line":51,"column":137}}],"line":51},"4":{"loc":{"start":{"line":72,"column":8},"end":{"line":75,"column":9}},"type":"if","locations":[{"start":{"line":72,"column":8},"end":{"line":75,"column":9}},{"start":{"line":72,"column":8},"end":{"line":75,"column":9}}],"line":72},"5":{"loc":{"start":{"line":96,"column":8},"end":{"line":98,"column":9}},"type":"if","locations":[{"start":{"line":96,"column":8},"end":{"line":98,"column":9}},{"start":{"line":96,"column":8},"end":{"line":98,"column":9}}],"line":96},"6":{"loc":{"start":{"line":96,"column":12},"end":{"line":96,"column":83}},"type":"binary-expr","locations":[{"start":{"line":96,"column":12},"end":{"line":96,"column":55}},{"start":{"line":96,"column":59},"end":{"line":96,"column":83}}],"line":96},"7":{"loc":{"start":{"line":101,"column":8},"end":{"line":104,"column":9}},"type":"if","locations":[{"start":{"line":101,"column":8},"end":{"line":104,"column":9}},{"start":{"line":101,"column":8},"end":{"line":104,"column":9}}],"line":101},"8":{"loc":{"start":{"line":123,"column":8},"end":{"line":125,"column":9}},"type":"if","locations":[{"start":{"line":123,"column":8},"end":{"line":125,"column":9}},{"start":{"line":123,"column":8},"end":{"line":125,"column":9}}],"line":123},"9":{"loc":{"start":{"line":123,"column":12},"end":{"line":123,"column":87}},"type":"binary-expr","locations":[{"start":{"line":123,"column":12},"end":{"line":123,"column":44}},{"start":{"line":123,"column":48},"end":{"line":123,"column":87}}],"line":123},"10":{"loc":{"start":{"line":127,"column":8},"end":{"line":129,"column":9}},"type":"if","locations":[{"start":{"line":127,"column":8},"end":{"line":129,"column":9}},{"start":{"line":127,"column":8},"end":{"line":129,"column":9}}],"line":127}},"s":{"0":6,"1":6,"2":6,"3":6,"4":6,"5":6,"6":6,"7":6,"8":6,"9":6,"10":6,"11":6,"12":1,"13":1,"14":1,"15":0,"16":0,"17":6,"18":3,"19":3,"20":3,"21":3,"22":0,"23":0,"24":0,"25":0,"26":0,"27":0,"28":0,"29":3,"30":3,"31":6,"32":1,"33":1,"34":1,"35":0,"36":0,"37":0,"38":1,"39":1,"40":1,"41":0,"42":0,"43":6,"44":1,"45":1,"46":1,"47":1,"48":0,"49":0,"50":0,"51":0,"52":0,"53":0,"54":0,"55":0,"56":1,"57":6,"58":1,"59":1,"60":1,"61":0,"62":1,"63":1,"64":1,"65":0,"66":0,"67":6},"f":{"0":1,"1":3,"2":1,"3":0,"4":1,"5":0,"6":1},"b":{"0":[0,0],"1":[3,0],"2":[0,0],"3":[0,0,0],"4":[0,1],"5":[1,0],"6":[1,1],"7":[0,0],"8":[0,1],"9":[1,0],"10":[1,0]},"_coverageSchema":"1a1c01bbd47fc00a2c39e90264f33305004495a9","hash":"f7589ec433028f6099d7678d285984de6b990722"}
,"/home/artain/Springboard/Capstone2/NeighborhoodRecipe-Backend/routes/user.js": {"path":"/home/artain/Springboard/Capstone2/NeighborhoodRecipe-Backend/routes/user.js","statementMap":{"0":{"start":{"line":5,"column":19},"end":{"line":5,"column":40}},"1":{"start":{"line":6,"column":25},"end":{"line":6,"column":62}},"2":{"start":{"line":7,"column":13},"end":{"line":7,"column":43}},"3":{"start":{"line":8,"column":16},"end":{"line":8,"column":34}},"4":{"start":{"line":9,"column":15},"end":{"line":9,"column":31}},"5":{"start":{"line":10,"column":40},"end":{"line":10,"column":69}},"6":{"start":{"line":11,"column":58},"end":{"line":11,"column":84}},"7":{"start":{"line":20,"column":0},"end":{"line":28,"column":3}},"8":{"start":{"line":21,"column":4},"end":{"line":27,"column":5}},"9":{"start":{"line":22,"column":22},"end":{"line":22,"column":45}},"10":{"start":{"line":23,"column":8},"end":{"line":23,"column":42}},"11":{"start":{"line":25,"column":8},"end":{"line":25,"column":25}},"12":{"start":{"line":26,"column":8},"end":{"line":26,"column":25}},"13":{"start":{"line":37,"column":0},"end":{"line":49,"column":2}},"14":{"start":{"line":38,"column":4},"end":{"line":48,"column":5}},"15":{"start":{"line":39,"column":21},"end":{"line":39,"column":75}},"16":{"start":{"line":40,"column":8},"end":{"line":42,"column":9}},"17":{"start":{"line":41,"column":12},"end":{"line":41,"column":110}},"18":{"start":{"line":43,"column":8},"end":{"line":43,"column":43}},"19":{"start":{"line":46,"column":8},"end":{"line":46,"column":25}},"20":{"start":{"line":47,"column":8},"end":{"line":47,"column":25}},"21":{"start":{"line":51,"column":0},"end":{"line":51,"column":24}}},"fnMap":{"0":{"name":"(anonymous_0)","decl":{"start":{"line":20,"column":45},"end":{"line":20,"column":46}},"loc":{"start":{"line":20,"column":76},"end":{"line":28,"column":1}},"line":20},"1":{"name":"(anonymous_1)","decl":{"start":{"line":37,"column":41},"end":{"line":37,"column":42}},"loc":{"start":{"line":37,"column":72},"end":{"line":49,"column":1}},"line":37}},"branchMap":{"0":{"loc":{"start":{"line":40,"column":8},"end":{"line":42,"column":9}},"type":"if","locations":[{"start":{"line":40,"column":8},"end":{"line":42,"column":9}},{"start":{"line":40,"column":8},"end":{"line":42,"column":9}}],"line":40},"1":{"loc":{"start":{"line":40,"column":12},"end":{"line":40,"column":89}},"type":"binary-expr","locations":[{"start":{"line":40,"column":12},"end":{"line":40,"column":44}},{"start":{"line":40,"column":48},"end":{"line":40,"column":89}}],"line":40}},"s":{"0":6,"1":6,"2":6,"3":6,"4":6,"5":6,"6":6,"7":6,"8":0,"9":0,"10":0,"11":0,"12":0,"13":6,"14":3,"15":3,"16":2,"17":0,"18":2,"19":1,"20":1,"21":6},"f":{"0":0,"1":3},"b":{"0":[0,2],"1":[2,0]},"_coverageSchema":"1a1c01bbd47fc00a2c39e90264f33305004495a9","hash":"ec0c4f01f83c86f80349d344624acf5b63e3212b"}
}
