TN:
SF:app.js
FN:34,(anonymous_0)
FN:40,(anonymous_1)
FNF:2
FNH:1
FNDA:0,(anonymous_0)
FNDA:13,(anonymous_1)
DA:3,6
DA:4,6
DA:5,6
DA:6,6
DA:7,6
DA:8,6
DA:10,6
DA:11,6
DA:14,6
DA:15,6
DA:16,6
DA:17,6
DA:19,6
DA:21,6
DA:22,6
DA:23,6
DA:24,6
DA:25,6
DA:26,6
DA:28,6
DA:29,6
DA:30,6
DA:34,6
DA:36,0
DA:40,6
DA:41,13
DA:42,13
DA:43,13
DA:45,13
DA:50,6
LF:30
LH:29
BRDA:41,0,0,0
BRDA:41,0,1,13
BRDA:42,1,0,13
BRDA:42,1,1,3
BRDA:43,2,0,13
BRDA:43,2,1,0
BRF:6
BRH:4
end_of_record
TN:
SF:config/config.js
FNF:0
FNH:0
DA:1,6
DA:3,6
DA:46,6
DA:48,6
DA:49,6
DA:50,6
DA:51,6
LF:7
LH:7
BRDA:46,0,0,6
BRDA:46,0,1,0
BRDA:49,1,0,6
BRDA:49,1,1,0
BRF:4
BRH:2
end_of_record
TN:
SF:controllers/ingredients.js
FN:5,(anonymous_0)
FN:22,(anonymous_1)
FN:36,(anonymous_2)
FN:39,(anonymous_3)
FN:44,(anonymous_4)
FN:54,(anonymous_5)
FN:57,(anonymous_6)
FN:62,(anonymous_7)
FN:75,(anonymous_8)
FN:76,(anonymous_9)
FNF:10
FNH:5
FNDA:39,(anonymous_0)
FNDA:1,(anonymous_1)
FNDA:1,(anonymous_2)
FNDA:0,(anonymous_3)
FNDA:0,(anonymous_4)
FNDA:0,(anonymous_5)
FNDA:0,(anonymous_6)
FNDA:1,(anonymous_7)
FNDA:1,(anonymous_8)
FNDA:0,(anonymous_9)
DA:1,6
DA:2,6
DA:3,6
DA:5,6
DA:6,39
DA:7,39
DA:11,39
DA:16,39
DA:18,0
DA:22,6
DA:24,1
DA:25,1
DA:26,1
DA:30,1
DA:37,1
DA:40,0
DA:44,6
DA:45,0
DA:50,0
DA:55,0
DA:58,0
DA:62,6
DA:64,1
DA:65,1
DA:66,1
DA:70,1
DA:75,1
DA:77,0
DA:81,6
LF:29
LH:22
BRDA:11,0,0,23
BRDA:11,0,1,16
BRDA:25,1,0,1
BRDA:25,1,1,0
BRDA:65,2,0,1
BRDA:65,2,1,0
BRF:6
BRH:4
end_of_record
TN:
SF:controllers/recipe.js
FN:15,(anonymous_0)
FN:24,(anonymous_1)
FN:34,(anonymous_2)
FN:46,(anonymous_3)
FN:52,(anonymous_4)
FN:55,(anonymous_5)
FN:61,(anonymous_6)
FN:66,(anonymous_7)
FN:125,(anonymous_8)
FN:129,(anonymous_9)
FN:134,(anonymous_10)
FN:175,(anonymous_11)
FN:193,(anonymous_12)
FN:198,(anonymous_13)
FN:215,(anonymous_14)
FN:228,(anonymous_15)
FN:234,(anonymous_16)
FN:257,(anonymous_17)
FN:266,(anonymous_18)
FN:297,(anonymous_19)
FN:300,(anonymous_20)
FNF:21
FNH:12
FNDA:21,(anonymous_0)
FNDA:38,(anonymous_1)
FNDA:0,(anonymous_2)
FNDA:21,(anonymous_3)
FNDA:21,(anonymous_4)
FNDA:0,(anonymous_5)
FNDA:0,(anonymous_6)
FNDA:9,(anonymous_7)
FNDA:9,(anonymous_8)
FNDA:0,(anonymous_9)
FNDA:3,(anonymous_10)
FNDA:3,(anonymous_11)
FNDA:0,(anonymous_12)
FNDA:2,(anonymous_13)
FNDA:1,(anonymous_14)
FNDA:0,(anonymous_15)
FNDA:1,(anonymous_16)
FNDA:0,(anonymous_17)
FNDA:0,(anonymous_18)
FNDA:1,(anonymous_19)
FNDA:0,(anonymous_20)
DA:1,6
DA:2,6
DA:3,6
DA:4,6
DA:5,6
DA:6,6
DA:7,6
DA:8,6
DA:15,6
DA:16,21
DA:18,21
DA:19,38
DA:20,38
DA:22,38
DA:25,38
DA:26,38
DA:27,38
DA:28,38
DA:29,38
DA:30,38
DA:32,38
DA:35,0
DA:36,0
DA:40,21
DA:41,21
DA:47,21
DA:48,38
DA:50,21
DA:56,0
DA:59,21
DA:62,0
DA:66,6
DA:68,9
DA:69,9
DA:70,9
DA:71,9
DA:72,9
DA:73,5
DA:77,9
DA:78,2
DA:82,9
DA:83,0
DA:87,9
DA:88,0
DA:92,9
DA:93,1
DA:97,9
DA:98,0
DA:102,9
DA:103,0
DA:107,9
DA:108,0
DA:109,9
DA:110,9
DA:111,0
DA:112,9
DA:113,9
DA:127,9
DA:130,0
DA:134,6
DA:136,3
DA:137,3
DA:138,3
DA:139,3
DA:140,1
DA:144,3
DA:145,0
DA:149,3
DA:150,2
DA:154,3
DA:155,0
DA:156,3
DA:157,3
DA:158,0
DA:159,3
DA:160,3
DA:176,3
DA:177,3
DA:178,3
DA:179,5
DA:180,5
DA:182,5
DA:183,5
DA:184,5
DA:185,5
DA:186,5
DA:187,5
DA:189,3
DA:191,3
DA:194,0
DA:198,6
DA:199,2
DA:200,2
DA:201,0
DA:202,0
DA:204,2
DA:207,2
DA:210,2
DA:211,2
DA:212,2
DA:215,6
DA:216,1
DA:217,1
DA:220,1
DA:229,0
DA:230,0
DA:234,6
DA:235,1
DA:236,1
DA:238,1
DA:241,1
DA:245,1
DA:246,0
DA:247,0
DA:249,1
DA:250,1
DA:251,1
DA:252,0
DA:253,0
DA:254,0
DA:255,0
DA:258,0
DA:259,0
DA:260,0
DA:261,0
DA:262,0
DA:263,0
DA:264,0
DA:267,0
DA:268,0
DA:271,1
DA:272,1
DA:273,1
DA:274,0
DA:275,0
DA:276,0
DA:277,0
DA:278,0
DA:279,0
DA:280,0
DA:281,0
DA:282,0
DA:286,0
DA:287,0
DA:290,1
DA:298,1
DA:301,0
DA:305,6
LF:148
LH:102
BRDA:71,0,0,1
BRDA:71,0,1,8
BRDA:72,1,0,5
BRDA:72,1,1,4
BRDA:77,2,0,2
BRDA:77,2,1,7
BRDA:82,3,0,0
BRDA:82,3,1,9
BRDA:87,4,0,0
BRDA:87,4,1,9
BRDA:92,5,0,1
BRDA:92,5,1,8
BRDA:97,6,0,0
BRDA:97,6,1,9
BRDA:102,7,0,0
BRDA:102,7,1,9
BRDA:107,8,0,0
BRDA:107,8,1,9
BRDA:110,9,0,0
BRDA:110,9,1,9
BRDA:139,10,0,1
BRDA:139,10,1,2
BRDA:144,11,0,0
BRDA:144,11,1,3
BRDA:149,12,0,2
BRDA:149,12,1,1
BRDA:154,13,0,0
BRDA:154,13,1,3
BRDA:157,14,0,0
BRDA:157,14,1,3
BRDA:200,15,0,0
BRDA:200,15,1,2
BRDA:210,16,0,0
BRDA:210,16,1,2
BRDA:236,17,0,0
BRDA:236,17,1,1
BRDA:245,18,0,0
BRDA:245,18,1,1
BRDA:278,19,0,0
BRDA:278,19,1,0
BRDA:281,20,0,0
BRDA:281,20,1,0
BRDA:286,21,0,0
BRDA:286,21,1,0
BRDA:286,22,0,0
BRDA:286,22,1,0
BRF:46
BRH:25
end_of_record
TN:
SF:controllers/recipeIngredientJoin.js
FN:4,(anonymous_0)
FN:7,(anonymous_1)
FN:12,(anonymous_2)
FN:19,(anonymous_3)
FN:41,(anonymous_4)
FN:47,(anonymous_5)
FN:52,(anonymous_6)
FN:57,(anonymous_7)
FNF:8
FNH:3
FNDA:21,(anonymous_0)
FNDA:21,(anonymous_1)
FNDA:0,(anonymous_2)
FNDA:2,(anonymous_3)
FNDA:0,(anonymous_4)
FNDA:0,(anonymous_5)
FNDA:0,(anonymous_6)
FNDA:0,(anonymous_7)
DA:1,6
DA:2,6
DA:4,6
DA:5,21
DA:10,21
DA:15,0
DA:19,6
DA:20,2
DA:21,0
DA:23,2
DA:24,2
DA:25,2
DA:29,2
DA:30,0
DA:35,2
DA:42,0
DA:43,0
DA:47,6
DA:48,0
DA:49,0
DA:53,0
DA:54,0
DA:55,0
DA:58,0
DA:59,0
DA:60,0
DA:64,6
LF:27
LH:14
BRDA:20,0,0,0
BRDA:20,0,1,2
BRDA:24,1,0,2
BRDA:24,1,1,0
BRDA:29,2,0,0
BRDA:29,2,1,2
BRF:6
BRH:3
end_of_record
TN:
SF:controllers/user.js
FN:14,(anonymous_0)
FN:28,(anonymous_1)
FN:33,(anonymous_2)
FN:44,(anonymous_3)
FN:73,(anonymous_4)
FN:76,(anonymous_5)
FN:86,(anonymous_6)
FN:103,(anonymous_7)
FN:107,(anonymous_8)
FN:119,(anonymous_9)
FN:140,(anonymous_10)
FN:144,(anonymous_11)
FN:152,(anonymous_12)
FN:156,(anonymous_13)
FN:164,(anonymous_14)
FN:174,(anonymous_15)
FN:188,(anonymous_16)
FN:197,(anonymous_17)
FN:202,(anonymous_18)
FNF:19
FNH:13
FNDA:47,(anonymous_0)
FNDA:42,(anonymous_1)
FNDA:2,(anonymous_2)
FNDA:79,(anonymous_3)
FNDA:78,(anonymous_4)
FNDA:1,(anonymous_5)
FNDA:0,(anonymous_6)
FNDA:0,(anonymous_7)
FNDA:0,(anonymous_8)
FNDA:26,(anonymous_9)
FNDA:4,(anonymous_10)
FNDA:4,(anonymous_11)
FNDA:3,(anonymous_12)
FNDA:3,(anonymous_13)
FNDA:4,(anonymous_14)
FNDA:1,(anonymous_15)
FNDA:0,(anonymous_16)
FNDA:0,(anonymous_17)
FNDA:0,(anonymous_18)
DA:1,6
DA:2,6
DA:3,6
DA:4,6
DA:5,6
DA:6,6
DA:7,6
DA:14,6
DA:15,47
DA:16,47
DA:17,47
DA:19,0
DA:20,0
DA:22,47
DA:23,47
DA:24,3
DA:26,44
DA:29,42
DA:30,42
DA:31,42
DA:34,2
DA:44,6
DA:46,79
DA:47,79
DA:48,79
DA:49,1
DA:53,79
DA:54,74
DA:58,79
DA:59,4
DA:63,79
DA:66,79
DA:67,79
DA:74,78
DA:77,1
DA:86,6
DA:87,0
DA:88,0
DA:89,0
DA:90,0
DA:92,0
DA:93,0
DA:104,0
DA:105,0
DA:108,0
DA:119,6
DA:120,26
DA:121,26
DA:122,26
DA:123,23
DA:124,23
DA:125,23
DA:126,23
DA:127,22
DA:131,4
DA:132,4
DA:135,0
DA:136,0
DA:140,6
DA:141,4
DA:142,4
DA:145,4
DA:148,0
DA:152,6
DA:153,3
DA:154,3
DA:157,3
DA:160,0
DA:164,6
DA:165,4
DA:166,4
DA:167,4
DA:169,0
DA:170,0
DA:174,6
DA:175,1
DA:176,1
DA:178,0
DA:179,0
DA:188,6
DA:189,0
DA:190,0
DA:191,0
DA:198,0
DA:200,0
DA:203,0
DA:204,0
DA:209,6
LF:88
LH:62
BRDA:15,0,0,47
BRDA:15,0,1,0
BRDA:23,1,0,3
BRDA:23,1,1,44
BRDA:44,2,0,53
BRDA:47,3,0,0
BRDA:47,3,1,79
BRDA:48,4,0,1
BRDA:48,4,1,78
BRDA:53,5,0,74
BRDA:53,5,1,5
BRDA:58,6,0,4
BRDA:58,6,1,75
BRDA:66,7,0,26
BRDA:66,7,1,53
BRDA:88,8,0,0
BRDA:88,8,1,0
BRDA:123,9,0,23
BRDA:123,9,1,0
BRDA:123,10,0,23
BRDA:123,10,1,23
BRDA:126,11,0,22
BRDA:126,11,1,1
BRF:23
BRH:18
end_of_record
TN:
SF:controllers/userUserJoins.js
FN:4,(anonymous_0)
FN:39,(anonymous_1)
FN:45,(anonymous_2)
FN:62,(anonymous_3)
FN:67,(anonymous_4)
FN:84,(anonymous_5)
FN:89,(anonymous_6)
FN:106,(anonymous_7)
FN:111,(anonymous_8)
FN:117,(anonymous_9)
FN:125,(anonymous_10)
FN:129,(anonymous_11)
FN:135,(anonymous_12)
FNF:13
FNH:9
FNDA:4,(anonymous_0)
FNDA:0,(anonymous_1)
FNDA:1,(anonymous_2)
FNDA:0,(anonymous_3)
FNDA:0,(anonymous_4)
FNDA:0,(anonymous_5)
FNDA:3,(anonymous_6)
FNDA:1,(anonymous_7)
FNDA:2,(anonymous_8)
FNDA:4,(anonymous_9)
FNDA:1,(anonymous_10)
FNDA:3,(anonymous_11)
FNDA:1,(anonymous_12)
DA:1,6
DA:2,6
DA:4,6
DA:5,4
DA:6,0
DA:8,4
DA:9,4
DA:10,4
DA:24,0
DA:25,0
DA:29,0
DA:30,0
DA:35,4
DA:40,0
DA:41,0
DA:45,6
DA:46,1
DA:47,0
DA:49,1
DA:58,1
DA:63,0
DA:64,0
DA:67,6
DA:68,0
DA:69,0
DA:71,0
DA:80,0
DA:85,0
DA:86,0
DA:89,6
DA:90,3
DA:91,0
DA:93,3
DA:94,0
DA:96,3
DA:104,3
DA:105,3
DA:109,1
DA:114,2
DA:117,6
DA:118,4
DA:119,0
DA:121,4
DA:122,0
DA:124,4
DA:127,1
DA:132,3
DA:135,6
DA:136,1
DA:137,0
DA:139,1
DA:140,0
DA:142,1
DA:161,1
DA:164,1
DA:165,1
DA:166,1
DA:171,6
LF:58
LH:36
BRDA:5,0,0,0
BRDA:5,0,1,4
BRDA:9,1,0,4
BRDA:9,1,1,0
BRDA:24,2,0,0
BRDA:24,2,1,0
BRDA:29,3,0,0
BRDA:29,3,1,0
BRDA:46,4,0,0
BRDA:46,4,1,1
BRDA:68,5,0,0
BRDA:68,5,1,0
BRDA:90,6,0,0
BRDA:90,6,1,3
BRDA:93,7,0,0
BRDA:93,7,1,3
BRDA:118,8,0,0
BRDA:118,8,1,4
BRDA:121,9,0,0
BRDA:121,9,1,4
BRDA:136,10,0,0
BRDA:136,10,1,1
BRDA:139,11,0,0
BRDA:139,11,1,1
BRDA:164,12,0,0
BRDA:164,12,1,1
BRF:26
BRH:10
end_of_record
TN:
SF:models/index.js
FN:29,(anonymous_0)
FN:32,(anonymous_1)
FN:36,(anonymous_2)
FNF:3
FNH:3
FNDA:36,(anonymous_0)
FNDA:30,(anonymous_1)
FNDA:30,(anonymous_2)
DA:1,6
DA:2,6
DA:3,6
DA:4,6
DA:5,6
DA:6,6
DA:9,6
DA:10,6
DA:17,6
DA:18,0
DA:27,6
DA:30,36
DA:33,30
DA:34,30
DA:36,6
DA:37,30
DA:38,24
DA:42,6
DA:43,6
DA:44,6
LF:20
LH:19
BRDA:9,0,0,6
BRDA:9,0,1,0
BRDA:17,1,0,0
BRDA:17,1,1,6
BRDA:30,2,0,36
BRDA:30,2,1,36
BRDA:30,2,2,30
BRDA:37,3,0,24
BRDA:37,3,1,6
BRF:9
BRH:7
end_of_record
TN:
SF:models/recipe.js
FN:1,(anonymous_0)
FN:60,(anonymous_1)
FNF:2
FNH:2
FNDA:6,(anonymous_0)
FNDA:6,(anonymous_1)
DA:1,6
DA:2,6
DA:60,6
DA:61,6
DA:65,6
DA:73,6
LF:6
LH:6
BRF:0
BRH:0
end_of_record
TN:
SF:models/user.js
FN:1,(anonymous_0)
FN:35,(anonymous_1)
FNF:2
FNH:2
FNDA:6,(anonymous_0)
FNDA:6,(anonymous_1)
DA:1,6
DA:2,6
DA:35,6
DA:36,6
DA:50,6
LF:5
LH:5
BRF:0
BRH:0
end_of_record
TN:
SF:models/userUserJoins.js
FN:1,(anonymous_0)
FNF:1
FNH:1
FNDA:6,(anonymous_0)
DA:1,6
DA:2,6
DA:27,6
LF:3
LH:3
BRF:0
BRH:0
end_of_record
TN:
SF:routes/auth.js
FN:24,(anonymous_0)
FN:28,(anonymous_1)
FN:76,(anonymous_2)
FN:80,(anonymous_3)
FNF:4
FNH:2
FNDA:25,(anonymous_0)
FNDA:0,(anonymous_1)
FNDA:1,(anonymous_2)
FNDA:0,(anonymous_3)
DA:5,6
DA:7,6
DA:8,6
DA:9,6
DA:10,6
DA:11,6
DA:12,6
DA:13,6
DA:14,6
DA:15,6
DA:24,6
DA:25,25
DA:26,25
DA:27,25
DA:28,0
DA:29,0
DA:31,25
DA:32,25
DA:33,25
DA:34,4
DA:36,21
DA:37,21
DA:38,21
DA:41,4
DA:76,6
DA:77,1
DA:78,1
DA:79,1
DA:80,0
DA:81,0
DA:83,1
DA:84,1
DA:85,1
DA:87,1
DA:88,1
DA:89,0
DA:91,1
DA:92,1
DA:93,1
DA:95,0
DA:100,6
LF:41
LH:35
BRDA:27,0,0,0
BRDA:27,0,1,25
BRDA:33,1,0,4
BRDA:33,1,1,21
BRDA:79,2,0,0
BRDA:79,2,1,1
BRDA:88,3,0,0
BRDA:88,3,1,1
BRF:8
BRH:5
end_of_record
TN:
SF:routes/recipes.js
FN:24,(anonymous_0)
FN:41,(anonymous_1)
FN:69,(anonymous_2)
FN:73,(anonymous_3)
FN:93,(anonymous_4)
FN:102,(anonymous_5)
FN:120,(anonymous_6)
FNF:7
FNH:5
FNDA:1,(anonymous_0)
FNDA:3,(anonymous_1)
FNDA:1,(anonymous_2)
FNDA:0,(anonymous_3)
FNDA:1,(anonymous_4)
FNDA:0,(anonymous_5)
FNDA:1,(anonymous_6)
DA:5,6
DA:6,6
DA:7,6
DA:8,6
DA:9,6
DA:10,6
DA:11,6
DA:12,6
DA:13,6
DA:14,6
DA:15,6
DA:24,6
DA:25,1
DA:26,1
DA:27,1
DA:29,0
DA:30,0
DA:41,6
DA:42,3
DA:43,3
DA:44,3
DA:45,3
DA:46,0
DA:48,0
DA:49,0
DA:50,0
DA:51,0
DA:52,0
DA:55,0
DA:57,3
DA:58,3
DA:69,6
DA:70,1
DA:71,1
DA:72,1
DA:73,0
DA:74,0
DA:76,1
DA:77,1
DA:79,1
DA:81,0
DA:82,0
DA:93,6
DA:94,1
DA:95,1
DA:96,1
DA:97,1
DA:100,0
DA:101,0
DA:102,0
DA:103,0
DA:105,0
DA:106,0
DA:107,0
DA:109,1
DA:120,6
DA:121,1
DA:122,1
DA:123,1
DA:124,0
DA:126,1
DA:127,1
DA:128,1
DA:130,0
DA:132,0
DA:136,6
LF:66
LH:43
BRDA:45,0,0,0
BRDA:45,0,1,0
BRDA:45,1,0,3
BRDA:45,1,1,0
BRDA:51,2,0,0
BRDA:51,2,1,0
BRDA:51,3,0,0
BRDA:51,3,1,0
BRDA:51,3,2,0
BRDA:72,4,0,0
BRDA:72,4,1,1
BRDA:96,5,0,1
BRDA:96,5,1,0
BRDA:96,6,0,1
BRDA:96,6,1,1
BRDA:101,7,0,0
BRDA:101,7,1,0
BRDA:123,8,0,0
BRDA:123,8,1,1
BRDA:123,9,0,1
BRDA:123,9,1,0
BRDA:127,10,0,1
BRDA:127,10,1,0
BRF:23
BRH:8
end_of_record
TN:
SF:routes/user.js
FN:20,(anonymous_0)
FN:37,(anonymous_1)
FNF:2
FNH:1
FNDA:0,(anonymous_0)
FNDA:3,(anonymous_1)
DA:5,6
DA:6,6
DA:7,6
DA:8,6
DA:9,6
DA:10,6
DA:11,6
DA:20,6
DA:21,0
DA:22,0
DA:23,0
DA:25,0
DA:26,0
DA:37,6
DA:38,3
DA:39,3
DA:40,2
DA:41,0
DA:43,2
DA:46,1
DA:47,1
DA:51,6
LF:22
LH:16
BRDA:40,0,0,0
BRDA:40,0,1,2
BRDA:40,1,0,2
BRDA:40,1,1,0
BRF:4
BRH:2
end_of_record
